TN:
SF:/usr/include/c++/9/new
FN:173,_ZnwmPv
FNDA:0,_ZnwmPv
FN:179,_ZdlPvS_
FNDA:0,_ZdlPvS_
DA:173,0
DA:174,0
DA:179,0
end_of_record
SF:/usr/include/c++/9/bits/move.h
FN:47,_ZSt11__addressofINSt8__detail10_Hash_nodeISt4pairIKNSt7__cxx1112basic_stringIcSt11char_traitsIcESaIcEEESt6vectorIN9assembler11OperandTypeESaISC_EEELb1EEEEPT_RSH_
FNDA:0,_ZSt11__addressofINSt8__detail10_Hash_nodeISt4pairIKNSt7__cxx1112basic_stringIcSt11char_traitsIcESaIcEEESt6vectorIN9assembler11OperandTypeESaISC_EEELb1EEEEPT_RSH_
FN:47,_ZSt11__addressofINSt8__detail10_Hash_nodeISt4pairIKNSt7__cxx1112basic_stringIcSt11char_traitsIcESaIcEEEiELb1EEEEPT_RSC_
FNDA:0,_ZSt11__addressofINSt8__detail10_Hash_nodeISt4pairIKNSt7__cxx1112basic_stringIcSt11char_traitsIcESaIcEEEiELb1EEEEPT_RSC_
FN:47,_ZSt11__addressofINSt7__cxx1112basic_stringIcSt11char_traitsIcESaIcEEEEPT_RS6_
FNDA:4615,_ZSt11__addressofINSt7__cxx1112basic_stringIcSt11char_traitsIcESaIcEEEEPT_RS6_
FN:47,_ZSt11__addressofIPNSt8__detail15_Hash_node_baseEEPT_RS3_
FNDA:0,_ZSt11__addressofIPNSt8__detail15_Hash_node_baseEEPT_RS3_
FN:47,_ZSt11__addressofINSt8__detail10_Hash_nodeISt4pairIKNSt7__cxx1112basic_stringIcSt11char_traitsIcESaIcEEESt5arrayIiLm4EEELb1EEEEPT_RSE_
FNDA:0,_ZSt11__addressofINSt8__detail10_Hash_nodeISt4pairIKNSt7__cxx1112basic_stringIcSt11char_traitsIcESaIcEEESt5arrayIiLm4EEELb1EEEEPT_RSE_
FN:74,_ZSt7forwardIRKSt8equal_toINSt7__cxx1112basic_stringIcSt11char_traitsIcESaIcEEEEEOT_RNSt16remove_referenceISA_E4typeE
FNDA:0,_ZSt7forwardIRKSt8equal_toINSt7__cxx1112basic_stringIcSt11char_traitsIcESaIcEEEEEOT_RNSt16remove_referenceISA_E4typeE
FN:74,_ZSt7forwardIiEOT_RNSt16remove_referenceIS0_E4typeE
FNDA:0,_ZSt7forwardIiEOT_RNSt16remove_referenceIS0_E4typeE
FN:74,_ZSt7forwardIRA4_KcEOT_RNSt16remove_referenceIS3_E4typeE
FNDA:0,_ZSt7forwardIRA4_KcEOT_RNSt16remove_referenceIS3_E4typeE
FN:74,_ZSt7forwardIbEOT_RNSt16remove_referenceIS0_E4typeE
FNDA:0,_ZSt7forwardIbEOT_RNSt16remove_referenceIS0_E4typeE
FN:74,_ZSt7forwardINSt7__cxx1112basic_stringIcSt11char_traitsIcESaIcEEEEOT_RNSt16remove_referenceIS6_E4typeE
FNDA:503,_ZSt7forwardINSt7__cxx1112basic_stringIcSt11char_traitsIcESaIcEEEEOT_RNSt16remove_referenceIS6_E4typeE
FN:74,_ZSt7forwardISaINSt8__detail10_Hash_nodeISt4pairIKNSt7__cxx1112basic_stringIcSt11char_traitsIcESaIcEEEiELb1EEEEEOT_RNSt16remove_referenceISD_E4typeE
FNDA:0,_ZSt7forwardISaINSt8__detail10_Hash_nodeISt4pairIKNSt7__cxx1112basic_stringIcSt11char_traitsIcESaIcEEEiELb1EEEEEOT_RNSt16remove_referenceISD_E4typeE
FN:74,_ZSt7forwardIRKSt4pairIKNSt7__cxx1112basic_stringIcSt11char_traitsIcESaIcEEEiEEOT_RNSt16remove_referenceISB_E4typeE
FNDA:0,_ZSt7forwardIRKSt4pairIKNSt7__cxx1112basic_stringIcSt11char_traitsIcESaIcEEEiEEOT_RNSt16remove_referenceISB_E4typeE
FN:74,_ZSt7forwardISaINSt8__detail10_Hash_nodeISt4pairIKNSt7__cxx1112basic_stringIcSt11char_traitsIcESaIcEEESt6vectorIN9assembler11OperandTypeESaISC_EEELb1EEEEEOT_RNSt16remove_referenceISI_E4typeE
FNDA:0,_ZSt7forwardISaINSt8__detail10_Hash_nodeISt4pairIKNSt7__cxx1112basic_stringIcSt11char_traitsIcESaIcEEESt6vectorIN9assembler11OperandTypeESaISC_EEELb1EEEEEOT_RNSt16remove_referenceISI_E4typeE
FN:74,_ZSt7forwardIRKSt4pairIKNSt7__cxx1112basic_stringIcSt11char_traitsIcESaIcEEESt6vectorIN9assembler11OperandTypeESaISA_EEEEOT_RNSt16remove_referenceISG_E4typeE
FNDA:0,_ZSt7forwardIRKSt4pairIKNSt7__cxx1112basic_stringIcSt11char_traitsIcESaIcEEESt6vectorIN9assembler11OperandTypeESaISA_EEEEOT_RNSt16remove_referenceISG_E4typeE
FN:74,_ZSt7forwardISaINSt8__detail10_Hash_nodeISt4pairIKNSt7__cxx1112basic_stringIcSt11char_traitsIcESaIcEEESt5arrayIiLm4EEELb1EEEEEOT_RNSt16remove_referenceISF_E4typeE
FNDA:0,_ZSt7forwardISaINSt8__detail10_Hash_nodeISt4pairIKNSt7__cxx1112basic_stringIcSt11char_traitsIcESaIcEEESt5arrayIiLm4EEELb1EEEEEOT_RNSt16remove_referenceISF_E4typeE
FN:74,_ZSt7forwardIRKSt4pairIKNSt7__cxx1112basic_stringIcSt11char_traitsIcESaIcEEESt5arrayIiLm4EEEEOT_RNSt16remove_referenceISD_E4typeE
FNDA:0,_ZSt7forwardIRKSt4pairIKNSt7__cxx1112basic_stringIcSt11char_traitsIcESaIcEEESt5arrayIiLm4EEEEOT_RNSt16remove_referenceISD_E4typeE
FN:74,_ZSt7forwardINSt8__detail14_Node_iteratorISt4pairIKNSt7__cxx1112basic_stringIcSt11char_traitsIcESaIcEEEiELb0ELb1EEEEOT_RNSt16remove_referenceISC_E4typeE
FNDA:0,_ZSt7forwardINSt8__detail14_Node_iteratorISt4pairIKNSt7__cxx1112basic_stringIcSt11char_traitsIcESaIcEEEiELb0ELb1EEEEOT_RNSt16remove_referenceISC_E4typeE
FN:74,_ZSt7forwardINSt8__detail14_Node_iteratorISt4pairIKNSt7__cxx1112basic_stringIcSt11char_traitsIcESaIcEEESt6vectorIN9assembler11OperandTypeESaISC_EEELb0ELb1EEEEOT_RNSt16remove_referenceISH_E4typeE
FNDA:0,_ZSt7forwardINSt8__detail14_Node_iteratorISt4pairIKNSt7__cxx1112basic_stringIcSt11char_traitsIcESaIcEEESt6vectorIN9assembler11OperandTypeESaISC_EEELb0ELb1EEEEOT_RNSt16remove_referenceISH_E4typeE
FN:74,_ZSt7forwardINSt8__detail14_Node_iteratorISt4pairIKNSt7__cxx1112basic_stringIcSt11char_traitsIcESaIcEEESt5arrayIiLm4EEELb0ELb1EEEEOT_RNSt16remove_referenceISE_E4typeE
FNDA:0,_ZSt7forwardINSt8__detail14_Node_iteratorISt4pairIKNSt7__cxx1112basic_stringIcSt11char_traitsIcESaIcEEESt5arrayIiLm4EEELb0ELb1EEEEOT_RNSt16remove_referenceISE_E4typeE
FN:74,_ZSt7forwardIRKNSt8__detail10_Select1stEEOT_RNSt16remove_referenceIS4_E4typeE
FNDA:0,_ZSt7forwardIRKNSt8__detail10_Select1stEEOT_RNSt16remove_referenceIS4_E4typeE
FN:74,_ZSt7forwardIRKSt4hashINSt7__cxx1112basic_stringIcSt11char_traitsIcESaIcEEEEEOT_RNSt16remove_referenceISA_E4typeE
FNDA:0,_ZSt7forwardIRKSt4hashINSt7__cxx1112basic_stringIcSt11char_traitsIcESaIcEEEEEOT_RNSt16remove_referenceISA_E4typeE
FN:74,_ZSt7forwardIRKNSt8__detail18_Mod_range_hashingEEOT_RNSt16remove_referenceIS4_E4typeE
FNDA:0,_ZSt7forwardIRKNSt8__detail18_Mod_range_hashingEEOT_RNSt16remove_referenceIS4_E4typeE
FN:74,_ZSt7forwardIRSt4pairIKNSt7__cxx1112basic_stringIcSt11char_traitsIcESaIcEEEiEEOT_RNSt16remove_referenceISA_E4typeE
FNDA:0,_ZSt7forwardIRSt4pairIKNSt7__cxx1112basic_stringIcSt11char_traitsIcESaIcEEEiEEOT_RNSt16remove_referenceISA_E4typeE
FN:74,_ZSt7forwardIRSt4pairIKNSt7__cxx1112basic_stringIcSt11char_traitsIcESaIcEEESt6vectorIN9assembler11OperandTypeESaISA_EEEEOT_RNSt16remove_referenceISF_E4typeE
FNDA:0,_ZSt7forwardIRSt4pairIKNSt7__cxx1112basic_stringIcSt11char_traitsIcESaIcEEESt6vectorIN9assembler11OperandTypeESaISA_EEEEOT_RNSt16remove_referenceISF_E4typeE
FN:74,_ZSt7forwardIRSt4pairIKNSt7__cxx1112basic_stringIcSt11char_traitsIcESaIcEEESt5arrayIiLm4EEEEOT_RNSt16remove_referenceISC_E4typeE
FNDA:0,_ZSt7forwardIRSt4pairIKNSt7__cxx1112basic_stringIcSt11char_traitsIcESaIcEEESt5arrayIiLm4EEEEOT_RNSt16remove_referenceISC_E4typeE
FN:99,_ZSt4moveIRiEONSt16remove_referenceIT_E4typeEOS2_
FNDA:49,_ZSt4moveIRiEONSt16remove_referenceIT_E4typeEOS2_
FN:99,_ZSt4moveIRNSt7__cxx1112basic_stringIcSt11char_traitsIcESaIcEEEEONSt16remove_referenceIT_E4typeEOS8_
FNDA:166,_ZSt4moveIRNSt7__cxx1112basic_stringIcSt11char_traitsIcESaIcEEEEONSt16remove_referenceIT_E4typeEOS8_
FN:99,_ZSt4moveIRSaIcEEONSt16remove_referenceIT_E4typeEOS3_
FNDA:0,_ZSt4moveIRSaIcEEONSt16remove_referenceIT_E4typeEOS3_
FN:138,_ZSt9addressofINSt8__detail10_Hash_nodeISt4pairIKNSt7__cxx1112basic_stringIcSt11char_traitsIcESaIcEEEiELb1EEEEPT_RSC_
FNDA:0,_ZSt9addressofINSt8__detail10_Hash_nodeISt4pairIKNSt7__cxx1112basic_stringIcSt11char_traitsIcESaIcEEEiELb1EEEEPT_RSC_
FN:138,_ZSt9addressofINSt8__detail10_Hash_nodeISt4pairIKNSt7__cxx1112basic_stringIcSt11char_traitsIcESaIcEEESt6vectorIN9assembler11OperandTypeESaISC_EEELb1EEEEPT_RSH_
FNDA:0,_ZSt9addressofINSt8__detail10_Hash_nodeISt4pairIKNSt7__cxx1112basic_stringIcSt11char_traitsIcESaIcEEESt6vectorIN9assembler11OperandTypeESaISC_EEELb1EEEEPT_RSH_
FN:138,_ZSt9addressofIPNSt8__detail15_Hash_node_baseEEPT_RS3_
FNDA:0,_ZSt9addressofIPNSt8__detail15_Hash_node_baseEEPT_RS3_
FN:138,_ZSt9addressofINSt8__detail10_Hash_nodeISt4pairIKNSt7__cxx1112basic_stringIcSt11char_traitsIcESaIcEEESt5arrayIiLm4EEELb1EEEEPT_RSE_
FNDA:0,_ZSt9addressofINSt8__detail10_Hash_nodeISt4pairIKNSt7__cxx1112basic_stringIcSt11char_traitsIcESaIcEEESt5arrayIiLm4EEELb1EEEEPT_RSE_
DA:47,0
DA:48,0
DA:47,0
DA:48,0
DA:47,0
DA:48,0
DA:47,0
DA:48,0
DA:47,4615
DA:48,4615
DA:74,0
DA:75,0
DA:74,0
DA:75,0
DA:74,0
DA:75,0
DA:74,0
DA:75,0
DA:74,503
DA:75,503
DA:74,0
DA:75,0
DA:74,0
DA:75,0
DA:74,0
DA:75,0
DA:74,0
DA:75,0
DA:74,0
DA:75,0
DA:74,0
DA:75,0
DA:74,0
DA:75,0
DA:74,0
DA:75,0
DA:74,0
DA:75,0
DA:74,0
DA:75,0
DA:74,0
DA:75,0
DA:74,0
DA:75,0
DA:74,0
DA:75,0
DA:74,0
DA:75,0
DA:74,0
DA:75,0
DA:99,49
DA:100,49
DA:99,166
DA:100,166
DA:99,0
DA:100,0
DA:138,0
DA:139,0
DA:138,0
DA:139,0
DA:138,0
DA:139,0
DA:138,0
DA:139,0
end_of_record
SF:/usr/include/c++/9/bits/vector.tcc
FN:66,_ZNSt6vectorINSt7__cxx1112basic_stringIcSt11char_traitsIcESaIcEEESaIS5_EE7reserveEm
FNDA:16,_ZNSt6vectorINSt7__cxx1112basic_stringIcSt11char_traitsIcESaIcEEESaIS5_EE7reserveEm
FN:66,_ZNSt6vectorIiSaIiEE7reserveEm
FNDA:20,_ZNSt6vectorIiSaIiEE7reserveEm
FN:109,_ZNSt6vectorIiSaIiEE12emplace_backIJiEEEvDpOT_
FNDA:49,_ZNSt6vectorIiSaIiEE12emplace_backIJiEEEvDpOT_
FN:109,_ZNSt6vectorINSt7__cxx1112basic_stringIcSt11char_traitsIcESaIcEEESaIS5_EE12emplace_backIJS5_EEEvDpOT_
FNDA:95,_ZNSt6vectorINSt7__cxx1112basic_stringIcSt11char_traitsIcESaIcEEESaIS5_EE12emplace_backIJS5_EEEvDpOT_
FN:426,_ZNSt6vectorIiSaIiEE17_M_realloc_insertIJiEEEvN9__gnu_cxx17__normal_iteratorIPiS1_EEDpOT_
FNDA:0,_ZNSt6vectorIiSaIiEE17_M_realloc_insertIJiEEEvN9__gnu_cxx17__normal_iteratorIPiS1_EEDpOT_
FN:426,_ZNSt6vectorINSt7__cxx1112basic_stringIcSt11char_traitsIcESaIcEEESaIS5_EE17_M_realloc_insertIJS5_EEEvN9__gnu_cxx17__normal_iteratorIPS5_S7_EEDpOT_
FNDA:52,_ZNSt6vectorINSt7__cxx1112basic_stringIcSt11char_traitsIcESaIcEEESaIS5_EE17_M_realloc_insertIJS5_EEEvN9__gnu_cxx17__normal_iteratorIPS5_S7_EEDpOT_
DA:66,16
DA:69,16
DA:70,0
DA:71,16
DA:73,15
DA:76,15
DA:78,15
DA:79,15
DA:80,15
DA:85,0
DA:88,0
DA:89,0
DA:92,15
DA:93,15
DA:94,15
DA:95,15
DA:96,15
DA:97,15
DA:99,16
DA:66,20
DA:69,20
DA:70,0
DA:71,20
DA:73,19
DA:76,19
DA:78,19
DA:79,19
DA:80,19
DA:85,0
DA:88,0
DA:89,0
DA:92,19
DA:93,19
DA:94,19
DA:95,19
DA:96,19
DA:97,19
DA:99,20
DA:109,49
DA:112,49
DA:115,49
DA:117,49
DA:121,0
DA:125,49
DA:109,95
DA:112,95
DA:115,43
DA:117,43
DA:121,52
DA:125,95
DA:426,0
DA:435,0
DA:437,0
DA:438,0
DA:439,0
DA:440,0
DA:441,0
DA:449,0
DA:450,0
DA:456,0
DA:459,0
DA:461,0
DA:462,0
DA:464,0
DA:466,0
DA:467,0
DA:474,0
DA:475,0
DA:477,0
DA:481,0
DA:482,0
DA:485,0
DA:487,0
DA:488,0
DA:489,0
DA:491,0
DA:492,0
DA:493,0
DA:496,0
DA:498,0
DA:500,0
DA:501,0
DA:502,0
DA:503,0
DA:504,0
DA:505,0
DA:426,52
DA:435,52
DA:437,52
DA:438,52
DA:439,52
DA:440,52
DA:441,52
DA:449,52
DA:450,52
DA:456,52
DA:459,52
DA:461,52
DA:462,52
DA:464,52
DA:466,52
DA:467,52
DA:474,0
DA:475,0
DA:477,0
DA:481,0
DA:482,0
DA:485,0
DA:487,0
DA:488,0
DA:489,0
DA:491,0
DA:492,0
DA:493,0
DA:496,52
DA:498,0
DA:500,52
DA:501,52
DA:502,52
DA:503,52
DA:504,52
DA:505,52
end_of_record
SF:/usr/include/c++/9/bits/ptr_traits.h
FN:146,_ZNSt14pointer_traitsIPNSt8__detail10_Hash_nodeISt4pairIKNSt7__cxx1112basic_stringIcSt11char_traitsIcESaIcEEESt5arrayIiLm4EEELb1EEEE10pointer_toERSD_
FNDA:0,_ZNSt14pointer_traitsIPNSt8__detail10_Hash_nodeISt4pairIKNSt7__cxx1112basic_stringIcSt11char_traitsIcESaIcEEESt5arrayIiLm4EEELb1EEEE10pointer_toERSD_
FN:146,_ZNSt14pointer_traitsIPNSt8__detail10_Hash_nodeISt4pairIKNSt7__cxx1112basic_stringIcSt11char_traitsIcESaIcEEESt6vectorIN9assembler11OperandTypeESaISC_EEELb1EEEE10pointer_toERSG_
FNDA:0,_ZNSt14pointer_traitsIPNSt8__detail10_Hash_nodeISt4pairIKNSt7__cxx1112basic_stringIcSt11char_traitsIcESaIcEEESt6vectorIN9assembler11OperandTypeESaISC_EEELb1EEEE10pointer_toERSG_
FN:146,_ZNSt14pointer_traitsIPNSt8__detail10_Hash_nodeISt4pairIKNSt7__cxx1112basic_stringIcSt11char_traitsIcESaIcEEEiELb1EEEE10pointer_toERSB_
FNDA:0,_ZNSt14pointer_traitsIPNSt8__detail10_Hash_nodeISt4pairIKNSt7__cxx1112basic_stringIcSt11char_traitsIcESaIcEEEiELb1EEEE10pointer_toERSB_
FN:146,_ZNSt14pointer_traitsIPPNSt8__detail15_Hash_node_baseEE10pointer_toERS2_
FNDA:0,_ZNSt14pointer_traitsIPPNSt8__detail15_Hash_node_baseEE10pointer_toERS2_
FN:156,_ZSt12__to_addressINSt8__detail10_Hash_nodeISt4pairIKNSt7__cxx1112basic_stringIcSt11char_traitsIcESaIcEEESt5arrayIiLm4EEELb1EEEEPT_SF_
FNDA:0,_ZSt12__to_addressINSt8__detail10_Hash_nodeISt4pairIKNSt7__cxx1112basic_stringIcSt11char_traitsIcESaIcEEESt5arrayIiLm4EEELb1EEEEPT_SF_
FN:156,_ZSt12__to_addressINSt8__detail10_Hash_nodeISt4pairIKNSt7__cxx1112basic_stringIcSt11char_traitsIcESaIcEEESt6vectorIN9assembler11OperandTypeESaISC_EEELb1EEEEPT_SI_
FNDA:0,_ZSt12__to_addressINSt8__detail10_Hash_nodeISt4pairIKNSt7__cxx1112basic_stringIcSt11char_traitsIcESaIcEEESt6vectorIN9assembler11OperandTypeESaISC_EEELb1EEEEPT_SI_
FN:156,_ZSt12__to_addressINSt8__detail10_Hash_nodeISt4pairIKNSt7__cxx1112basic_stringIcSt11char_traitsIcESaIcEEEiELb1EEEEPT_SD_
FNDA:0,_ZSt12__to_addressINSt8__detail10_Hash_nodeISt4pairIKNSt7__cxx1112basic_stringIcSt11char_traitsIcESaIcEEEiELb1EEEEPT_SD_
FN:156,_ZSt12__to_addressIPNSt8__detail15_Hash_node_baseEEPT_S4_
FNDA:0,_ZSt12__to_addressIPNSt8__detail15_Hash_node_baseEEPT_S4_
DA:146,0
DA:147,0
DA:146,0
DA:147,0
DA:146,0
DA:147,0
DA:146,0
DA:147,0
DA:156,0
DA:159,0
DA:156,0
DA:159,0
DA:156,0
DA:159,0
DA:156,0
DA:159,0
end_of_record
SF:/usr/include/c++/9/bits/cpp_type_traits.h
FN:428,_ZSt12__miter_baseIPiET_S1_
FNDA:0,_ZSt12__miter_baseIPiET_S1_
FN:428,_ZSt12__miter_baseIPKN9assembler11OperandTypeEET_S4_
FNDA:0,_ZSt12__miter_baseIPKN9assembler11OperandTypeEET_S4_
FN:428,_ZSt12__miter_baseIN9__gnu_cxx17__normal_iteratorIPKN9assembler11OperandTypeESt6vectorIS3_SaIS3_EEEEET_SA_
FNDA:0,_ZSt12__miter_baseIN9__gnu_cxx17__normal_iteratorIPKN9assembler11OperandTypeESt6vectorIS3_SaIS3_EEEEET_SA_
DA:428,0
DA:429,0
DA:428,0
DA:429,0
DA:428,0
DA:429,0
end_of_record
SF:/usr/include/c++/9/iostream
end_of_record
SF:/usr/include/c++/9/bits/stl_uninitialized.h
FN:76,_ZNSt20__uninitialized_copyILb0EE13__uninit_copyISt13move_iteratorIPNSt7__cxx1112basic_stringIcSt11char_traitsIcESaIcEEEES9_EET0_T_SC_SB_
FNDA:0,_ZNSt20__uninitialized_copyILb0EE13__uninit_copyISt13move_iteratorIPNSt7__cxx1112basic_stringIcSt11char_traitsIcESaIcEEEES9_EET0_T_SC_SB_
FN:99,_ZNSt20__uninitialized_copyILb1EE13__uninit_copyISt13move_iteratorIPiES3_EET0_T_S6_S5_
FNDA:0,_ZNSt20__uninitialized_copyILb1EE13__uninit_copyISt13move_iteratorIPiES3_EET0_T_S6_S5_
FN:99,_ZNSt20__uninitialized_copyILb1EE13__uninit_copyIPKN9assembler11OperandTypeEPS3_EET0_T_S8_S7_
FNDA:0,_ZNSt20__uninitialized_copyILb1EE13__uninit_copyIPKN9assembler11OperandTypeEPS3_EET0_T_S8_S7_
FN:99,_ZNSt20__uninitialized_copyILb1EE13__uninit_copyIN9__gnu_cxx17__normal_iteratorIPKN9assembler11OperandTypeESt6vectorIS5_SaIS5_EEEEPS5_EET0_T_SE_SD_
FNDA:0,_ZNSt20__uninitialized_copyILb1EE13__uninit_copyIN9__gnu_cxx17__normal_iteratorIPKN9assembler11OperandTypeESt6vectorIS5_SaIS5_EEEEPS5_EET0_T_SE_SD_
FN:115,_ZSt18uninitialized_copyISt13move_iteratorIPNSt7__cxx1112basic_stringIcSt11char_traitsIcESaIcEEEES7_ET0_T_SA_S9_
FNDA:0,_ZSt18uninitialized_copyISt13move_iteratorIPNSt7__cxx1112basic_stringIcSt11char_traitsIcESaIcEEEES7_ET0_T_SA_S9_
FN:115,_ZSt18uninitialized_copyIN9__gnu_cxx17__normal_iteratorIPKN9assembler11OperandTypeESt6vectorIS3_SaIS3_EEEEPS3_ET0_T_SC_SB_
FNDA:0,_ZSt18uninitialized_copyIN9__gnu_cxx17__normal_iteratorIPKN9assembler11OperandTypeESt6vectorIS3_SaIS3_EEEEPS3_ET0_T_SC_SB_
FN:115,_ZSt18uninitialized_copyISt13move_iteratorIPiES1_ET0_T_S4_S3_
FNDA:0,_ZSt18uninitialized_copyISt13move_iteratorIPiES1_ET0_T_S4_S3_
FN:115,_ZSt18uninitialized_copyIPKN9assembler11OperandTypeEPS1_ET0_T_S6_S5_
FNDA:0,_ZSt18uninitialized_copyIPKN9assembler11OperandTypeEPS1_ET0_T_S6_S5_
FN:305,_ZSt22__uninitialized_copy_aIN9__gnu_cxx17__normal_iteratorIPKN9assembler11OperandTypeESt6vectorIS3_SaIS3_EEEEPS3_S3_ET0_T_SC_SB_RSaIT1_E
FNDA:0,_ZSt22__uninitialized_copy_aIN9__gnu_cxx17__normal_iteratorIPKN9assembler11OperandTypeESt6vectorIS3_SaIS3_EEEEPS3_S3_ET0_T_SC_SB_RSaIT1_E
FN:305,_ZSt22__uninitialized_copy_aIPKN9assembler11OperandTypeEPS1_S1_ET0_T_S6_S5_RSaIT1_E
FNDA:0,_ZSt22__uninitialized_copy_aIPKN9assembler11OperandTypeEPS1_S1_ET0_T_S6_S5_RSaIT1_E
FN:305,_ZSt22__uninitialized_copy_aISt13move_iteratorIPiES1_iET0_T_S4_S3_RSaIT1_E
FNDA:0,_ZSt22__uninitialized_copy_aISt13move_iteratorIPiES1_iET0_T_S4_S3_RSaIT1_E
FN:305,_ZSt22__uninitialized_copy_aISt13move_iteratorIPNSt7__cxx1112basic_stringIcSt11char_traitsIcESaIcEEEES7_S6_ET0_T_SA_S9_RSaIT1_E
FNDA:0,_ZSt22__uninitialized_copy_aISt13move_iteratorIPNSt7__cxx1112basic_stringIcSt11char_traitsIcESaIcEEEES7_S6_ET0_T_SA_S9_RSaIT1_E
FN:323,_ZSt34__uninitialized_move_if_noexcept_aIPNSt7__cxx1112basic_stringIcSt11char_traitsIcESaIcEEES6_SaIS5_EET0_T_S9_S8_RT1_
FNDA:0,_ZSt34__uninitialized_move_if_noexcept_aIPNSt7__cxx1112basic_stringIcSt11char_traitsIcESaIcEEES6_SaIS5_EET0_T_S9_S8_RT1_
FN:323,_ZSt34__uninitialized_move_if_noexcept_aIPiS0_SaIiEET0_T_S3_S2_RT1_
FNDA:0,_ZSt34__uninitialized_move_if_noexcept_aIPiS0_SaIiEET0_T_S3_S2_RT1_
FN:905,_ZSt19__relocate_object_aINSt7__cxx1112basic_stringIcSt11char_traitsIcESaIcEEES5_SaIS5_EEvPT_PT0_RT1_
FNDA:63,_ZSt19__relocate_object_aINSt7__cxx1112basic_stringIcSt11char_traitsIcESaIcEEES5_SaIS5_EEvPT_PT0_RT1_
FN:924,_ZSt14__relocate_a_1IiiENSt9enable_ifIXsrSt24__is_bitwise_relocatableIT_vE5valueEPS2_E4typeES4_S4_S4_RSaIT0_E
FNDA:19,_ZSt14__relocate_a_1IiiENSt9enable_ifIXsrSt24__is_bitwise_relocatableIT_vE5valueEPS2_E4typeES4_S4_S4_RSaIT0_E
FN:936,_ZSt14__relocate_a_1IPNSt7__cxx1112basic_stringIcSt11char_traitsIcESaIcEEES6_SaIS5_EET0_T_S9_S8_RT1_
FNDA:221,_ZSt14__relocate_a_1IPNSt7__cxx1112basic_stringIcSt11char_traitsIcESaIcEEES6_SaIS5_EET0_T_S9_S8_RT1_
FN:958,_ZSt12__relocate_aIPiS0_SaIiEET0_T_S3_S2_RT1_
FNDA:19,_ZSt12__relocate_aIPiS0_SaIiEET0_T_S3_S2_RT1_
FN:958,_ZSt12__relocate_aIPNSt7__cxx1112basic_stringIcSt11char_traitsIcESaIcEEES6_SaIS5_EET0_T_S9_S8_RT1_
FNDA:221,_ZSt12__relocate_aIPNSt7__cxx1112basic_stringIcSt11char_traitsIcESaIcEEES6_SaIS5_EET0_T_S9_S8_RT1_
DA:76,0
DA:79,0
DA:82,0
DA:83,0
DA:84,0
DA:86,0
DA:88,0
DA:89,0
DA:99,0
DA:101,0
DA:99,0
DA:101,0
DA:99,0
DA:101,0
DA:115,0
DA:134,0
DA:140,0
DA:115,0
DA:134,0
DA:140,0
DA:115,0
DA:134,0
DA:140,0
DA:115,0
DA:134,0
DA:140,0
DA:305,0
DA:307,0
DA:305,0
DA:307,0
DA:305,0
DA:307,0
DA:305,0
DA:307,0
DA:323,0
DA:329,0
DA:330,0
DA:323,0
DA:329,0
DA:330,0
DA:905,63
DA:912,63
DA:913,63
DA:914,63
DA:924,19
DA:927,19
DA:928,19
DA:929,0
DA:930,19
DA:936,221
DA:948,221
DA:949,284
DA:950,63
DA:952,221
DA:958,221
DA:964,221
DA:966,221
DA:958,19
DA:964,19
DA:966,19
end_of_record
SF:/usr/include/c++/9/bits/char_traits.h
FN:315,_ZNSt11char_traitsIcE7compareEPKcS2_m
FNDA:0,_ZNSt11char_traitsIcE7compareEPKcS2_m
FN:336,_ZNSt11char_traitsIcE6lengthEPKc
FNDA:0,_ZNSt11char_traitsIcE6lengthEPKc
FN:368,_ZNSt11char_traitsIcE4copyEPcPKcm
FNDA:0,_ZNSt11char_traitsIcE4copyEPcPKcm
DA:315,0
DA:317,0
DA:318,0
DA:332,0
DA:336,0
DA:342,0
DA:368,0
DA:370,0
DA:371,0
DA:372,0
end_of_record
SF:/usr/include/c++/9/bits/stl_vector.h
FN:94,_ZNSt12_Vector_baseIN9assembler11OperandTypeESaIS1_EE17_Vector_impl_dataC2Ev
FNDA:0,_ZNSt12_Vector_baseIN9assembler11OperandTypeESaIS1_EE17_Vector_impl_dataC2Ev
FN:94,_ZNSt12_Vector_baseINSt7__cxx1112basic_stringIcSt11char_traitsIcESaIcEEESaIS5_EE17_Vector_impl_dataC2Ev
FNDA:1269,_ZNSt12_Vector_baseINSt7__cxx1112basic_stringIcSt11char_traitsIcESaIcEEESaIS5_EE17_Vector_impl_dataC2Ev
FN:94,_ZNSt12_Vector_baseIiSaIiEE17_Vector_impl_dataC2Ev
FNDA:20,_ZNSt12_Vector_baseIiSaIiEE17_Vector_impl_dataC2Ev
FN:128,_ZNSt12_Vector_baseIN9assembler11OperandTypeESaIS1_EE12_Vector_implC2Ev
FNDA:0,_ZNSt12_Vector_baseIN9assembler11OperandTypeESaIS1_EE12_Vector_implC2Ev
FN:128,_ZNSt12_Vector_baseINSt7__cxx1112basic_stringIcSt11char_traitsIcESaIcEEESaIS5_EE12_Vector_implC2Ev
FNDA:75,_ZNSt12_Vector_baseINSt7__cxx1112basic_stringIcSt11char_traitsIcESaIcEEESaIS5_EE12_Vector_implC2Ev
FN:128,_ZNSt12_Vector_baseIiSaIiEE12_Vector_implC2Ev
FNDA:20,_ZNSt12_Vector_baseIiSaIiEE12_Vector_implC2Ev
FN:133,_ZNSt12_Vector_baseIN9assembler11OperandTypeESaIS1_EE12_Vector_implC2ERKS2_
FNDA:0,_ZNSt12_Vector_baseIN9assembler11OperandTypeESaIS1_EE12_Vector_implC2ERKS2_
FN:273,_ZNSt12_Vector_baseIN9assembler11OperandTypeESaIS1_EE19_M_get_Tp_allocatorEv
FNDA:0,_ZNSt12_Vector_baseIN9assembler11OperandTypeESaIS1_EE19_M_get_Tp_allocatorEv
FN:273,_ZNSt12_Vector_baseINSt7__cxx1112basic_stringIcSt11char_traitsIcESaIcEEESaIS5_EE19_M_get_Tp_allocatorEv
FNDA:3211,_ZNSt12_Vector_baseINSt7__cxx1112basic_stringIcSt11char_traitsIcESaIcEEESaIS5_EE19_M_get_Tp_allocatorEv
FN:273,_ZNSt12_Vector_baseIiSaIiEE19_M_get_Tp_allocatorEv
FNDA:39,_ZNSt12_Vector_baseIiSaIiEE19_M_get_Tp_allocatorEv
FN:277,_ZNKSt12_Vector_baseINSt7__cxx1112basic_stringIcSt11char_traitsIcESaIcEEESaIS5_EE19_M_get_Tp_allocatorEv
FNDA:1413,_ZNKSt12_Vector_baseINSt7__cxx1112basic_stringIcSt11char_traitsIcESaIcEEESaIS5_EE19_M_get_Tp_allocatorEv
FN:277,_ZNKSt12_Vector_baseIiSaIiEE19_M_get_Tp_allocatorEv
FNDA:20,_ZNKSt12_Vector_baseIiSaIiEE19_M_get_Tp_allocatorEv
FN:277,_ZNKSt12_Vector_baseIN9assembler11OperandTypeESaIS1_EE19_M_get_Tp_allocatorEv
FNDA:0,_ZNKSt12_Vector_baseIN9assembler11OperandTypeESaIS1_EE19_M_get_Tp_allocatorEv
FN:285,_ZNSt12_Vector_baseIN9assembler11OperandTypeESaIS1_EEC2Ev
FNDA:0,_ZNSt12_Vector_baseIN9assembler11OperandTypeESaIS1_EEC2Ev
FN:285,_ZNSt12_Vector_baseINSt7__cxx1112basic_stringIcSt11char_traitsIcESaIcEEESaIS5_EEC2Ev
FNDA:75,_ZNSt12_Vector_baseINSt7__cxx1112basic_stringIcSt11char_traitsIcESaIcEEESaIS5_EEC2Ev
FN:285,_ZNSt12_Vector_baseIiSaIiEEC2Ev
FNDA:20,_ZNSt12_Vector_baseIiSaIiEEC2Ev
FN:290,_ZNSt12_Vector_baseIN9assembler11OperandTypeESaIS1_EEC2ERKS2_
FNDA:0,_ZNSt12_Vector_baseIN9assembler11OperandTypeESaIS1_EEC2ERKS2_
FN:300,_ZNSt12_Vector_baseIN9assembler11OperandTypeESaIS1_EEC2EmRKS2_
FNDA:0,_ZNSt12_Vector_baseIN9assembler11OperandTypeESaIS1_EEC2EmRKS2_
FN:330,_ZNSt12_Vector_baseINSt7__cxx1112basic_stringIcSt11char_traitsIcESaIcEEESaIS5_EED2Ev
FNDA:1796,_ZNSt12_Vector_baseINSt7__cxx1112basic_stringIcSt11char_traitsIcESaIcEEESaIS5_EED2Ev
FN:330,_ZNSt12_Vector_baseIiSaIiEED2Ev
FNDA:20,_ZNSt12_Vector_baseIiSaIiEED2Ev
FN:330,_ZNSt12_Vector_baseIN9assembler11OperandTypeESaIS1_EED2Ev
FNDA:0,_ZNSt12_Vector_baseIN9assembler11OperandTypeESaIS1_EED2Ev
FN:340,_ZNSt12_Vector_baseIN9assembler11OperandTypeESaIS1_EE11_M_allocateEm
FNDA:0,_ZNSt12_Vector_baseIN9assembler11OperandTypeESaIS1_EE11_M_allocateEm
FN:340,_ZNSt12_Vector_baseINSt7__cxx1112basic_stringIcSt11char_traitsIcESaIcEEESaIS5_EE11_M_allocateEm
FNDA:1309,_ZNSt12_Vector_baseINSt7__cxx1112basic_stringIcSt11char_traitsIcESaIcEEESaIS5_EE11_M_allocateEm
FN:340,_ZNSt12_Vector_baseIiSaIiEE11_M_allocateEm
FNDA:19,_ZNSt12_Vector_baseIiSaIiEE11_M_allocateEm
FN:347,_ZNSt12_Vector_baseINSt7__cxx1112basic_stringIcSt11char_traitsIcESaIcEEESaIS5_EE13_M_deallocateEPS5_m
FNDA:1914,_ZNSt12_Vector_baseINSt7__cxx1112basic_stringIcSt11char_traitsIcESaIcEEESaIS5_EE13_M_deallocateEPS5_m
FN:347,_ZNSt12_Vector_baseIiSaIiEE13_M_deallocateEPim
FNDA:39,_ZNSt12_Vector_baseIiSaIiEE13_M_deallocateEPim
FN:347,_ZNSt12_Vector_baseIN9assembler11OperandTypeESaIS1_EE13_M_deallocateEPS1_m
FNDA:0,_ZNSt12_Vector_baseIN9assembler11OperandTypeESaIS1_EE13_M_deallocateEPS1_m
FN:356,_ZNSt12_Vector_baseIN9assembler11OperandTypeESaIS1_EE17_M_create_storageEm
FNDA:0,_ZNSt12_Vector_baseIN9assembler11OperandTypeESaIS1_EE17_M_create_storageEm
FN:428,_ZNSt6vectorINSt7__cxx1112basic_stringIcSt11char_traitsIcESaIcEEESaIS5_EE19_S_nothrow_relocateESt17integral_constantIbLb1EE
FNDA:221,_ZNSt6vectorINSt7__cxx1112basic_stringIcSt11char_traitsIcESaIcEEESaIS5_EE19_S_nothrow_relocateESt17integral_constantIbLb1EE
FN:428,_ZNSt6vectorIiSaIiEE19_S_nothrow_relocateESt17integral_constantIbLb1EE
FNDA:19,_ZNSt6vectorIiSaIiEE19_S_nothrow_relocateESt17integral_constantIbLb1EE
FN:441,_ZNSt6vectorINSt7__cxx1112basic_stringIcSt11char_traitsIcESaIcEEESaIS5_EE15_S_use_relocateEv
FNDA:221,_ZNSt6vectorINSt7__cxx1112basic_stringIcSt11char_traitsIcESaIcEEESaIS5_EE15_S_use_relocateEv
FN:441,_ZNSt6vectorIiSaIiEE15_S_use_relocateEv
FNDA:19,_ZNSt6vectorIiSaIiEE15_S_use_relocateEv
FN:450,_ZNSt6vectorINSt7__cxx1112basic_stringIcSt11char_traitsIcESaIcEEESaIS5_EE14_S_do_relocateEPS5_S8_S8_RS6_St17integral_constantIbLb1EE
FNDA:221,_ZNSt6vectorINSt7__cxx1112basic_stringIcSt11char_traitsIcESaIcEEESaIS5_EE14_S_do_relocateEPS5_S8_S8_RS6_St17integral_constantIbLb1EE
FN:450,_ZNSt6vectorIiSaIiEE14_S_do_relocateEPiS2_S2_RS0_St17integral_constantIbLb1EE
FNDA:19,_ZNSt6vectorIiSaIiEE14_S_do_relocateEPiS2_S2_RS0_St17integral_constantIbLb1EE
FN:462,_ZNSt6vectorINSt7__cxx1112basic_stringIcSt11char_traitsIcESaIcEEESaIS5_EE11_S_relocateEPS5_S8_S8_RS6_
FNDA:221,_ZNSt6vectorINSt7__cxx1112basic_stringIcSt11char_traitsIcESaIcEEESaIS5_EE11_S_relocateEPS5_S8_S8_RS6_
FN:462,_ZNSt6vectorIiSaIiEE11_S_relocateEPiS2_S2_RS0_
FNDA:19,_ZNSt6vectorIiSaIiEE11_S_relocateEPiS2_S2_RS0_
FN:484,_ZNSt6vectorIN9assembler11OperandTypeESaIS1_EEC2Ev
FNDA:0,_ZNSt6vectorIN9assembler11OperandTypeESaIS1_EEC2Ev
FN:484,_ZNSt6vectorIiSaIiEEC2Ev
FNDA:20,_ZNSt6vectorIiSaIiEEC2Ev
FN:484,_ZNSt6vectorINSt7__cxx1112basic_stringIcSt11char_traitsIcESaIcEEESaIS5_EEC2Ev
FNDA:75,_ZNSt6vectorINSt7__cxx1112basic_stringIcSt11char_traitsIcESaIcEEESaIS5_EEC2Ev
FN:550,_ZNSt6vectorIN9assembler11OperandTypeESaIS1_EEC2ERKS3_
FNDA:0,_ZNSt6vectorIN9assembler11OperandTypeESaIS1_EEC2ERKS3_
FN:622,_ZNSt6vectorIN9assembler11OperandTypeESaIS1_EEC2ESt16initializer_listIS1_ERKS2_
FNDA:0,_ZNSt6vectorIN9assembler11OperandTypeESaIS1_EEC2ESt16initializer_listIS1_ERKS2_
FN:675,_ZNSt6vectorIiSaIiEED2Ev
FNDA:20,_ZNSt6vectorIiSaIiEED2Ev
FN:675,_ZNSt6vectorINSt7__cxx1112basic_stringIcSt11char_traitsIcESaIcEEESaIS5_EED2Ev
FNDA:1796,_ZNSt6vectorINSt7__cxx1112basic_stringIcSt11char_traitsIcESaIcEEESaIS5_EED2Ev
FN:675,_ZNSt6vectorIN9assembler11OperandTypeESaIS1_EED2Ev
FNDA:0,_ZNSt6vectorIN9assembler11OperandTypeESaIS1_EED2Ev
FN:808,_ZNSt6vectorINSt7__cxx1112basic_stringIcSt11char_traitsIcESaIcEEESaIS5_EE5beginEv
FNDA:105,_ZNSt6vectorINSt7__cxx1112basic_stringIcSt11char_traitsIcESaIcEEESaIS5_EE5beginEv
FN:808,_ZNSt6vectorIiSaIiEE5beginEv
FNDA:0,_ZNSt6vectorIiSaIiEE5beginEv
FN:817,_ZNKSt6vectorIiSaIiEE5beginEv
FNDA:16,_ZNKSt6vectorIiSaIiEE5beginEv
FN:817,_ZNKSt6vectorIN9assembler11OperandTypeESaIS1_EE5beginEv
FNDA:0,_ZNKSt6vectorIN9assembler11OperandTypeESaIS1_EE5beginEv
FN:817,_ZNKSt6vectorINSt7__cxx1112basic_stringIcSt11char_traitsIcESaIcEEESaIS5_EE5beginEv
FNDA:1225,_ZNKSt6vectorINSt7__cxx1112basic_stringIcSt11char_traitsIcESaIcEEESaIS5_EE5beginEv
FN:826,_ZNSt6vectorIiSaIiEE3endEv
FNDA:0,_ZNSt6vectorIiSaIiEE3endEv
FN:826,_ZNSt6vectorINSt7__cxx1112basic_stringIcSt11char_traitsIcESaIcEEESaIS5_EE3endEv
FNDA:105,_ZNSt6vectorINSt7__cxx1112basic_stringIcSt11char_traitsIcESaIcEEESaIS5_EE3endEv
FN:835,_ZNKSt6vectorIN9assembler11OperandTypeESaIS1_EE3endEv
FNDA:0,_ZNKSt6vectorIN9assembler11OperandTypeESaIS1_EE3endEv
FN:835,_ZNKSt6vectorIiSaIiEE3endEv
FNDA:16,_ZNKSt6vectorIiSaIiEE3endEv
FN:835,_ZNKSt6vectorINSt7__cxx1112basic_stringIcSt11char_traitsIcESaIcEEESaIS5_EE3endEv
FNDA:1225,_ZNKSt6vectorINSt7__cxx1112basic_stringIcSt11char_traitsIcESaIcEEESaIS5_EE3endEv
FN:915,_ZNKSt6vectorINSt7__cxx1112basic_stringIcSt11char_traitsIcESaIcEEESaIS5_EE4sizeEv
FNDA:1700,_ZNKSt6vectorINSt7__cxx1112basic_stringIcSt11char_traitsIcESaIcEEESaIS5_EE4sizeEv
FN:915,_ZNKSt6vectorIN9assembler11OperandTypeESaIS1_EE4sizeEv
FNDA:0,_ZNKSt6vectorIN9assembler11OperandTypeESaIS1_EE4sizeEv
FN:915,_ZNKSt6vectorIiSaIiEE4sizeEv
FNDA:147,_ZNKSt6vectorIiSaIiEE4sizeEv
FN:920,_ZNKSt6vectorIiSaIiEE8max_sizeEv
FNDA:20,_ZNKSt6vectorIiSaIiEE8max_sizeEv
FN:920,_ZNKSt6vectorINSt7__cxx1112basic_stringIcSt11char_traitsIcESaIcEEESaIS5_EE8max_sizeEv
FNDA:222,_ZNKSt6vectorINSt7__cxx1112basic_stringIcSt11char_traitsIcESaIcEEESaIS5_EE8max_sizeEv
FN:995,_ZNKSt6vectorIiSaIiEE8capacityEv
FNDA:20,_ZNKSt6vectorIiSaIiEE8capacityEv
FN:995,_ZNKSt6vectorINSt7__cxx1112basic_stringIcSt11char_traitsIcESaIcEEESaIS5_EE8capacityEv
FNDA:16,_ZNKSt6vectorINSt7__cxx1112basic_stringIcSt11char_traitsIcESaIcEEESaIS5_EE8capacityEv
FN:1058,_ZNKSt6vectorINSt7__cxx1112basic_stringIcSt11char_traitsIcESaIcEEESaIS5_EEixEm
FNDA:41,_ZNKSt6vectorINSt7__cxx1112basic_stringIcSt11char_traitsIcESaIcEEESaIS5_EEixEm
FN:1058,_ZNKSt6vectorIiSaIiEEixEm
FNDA:48,_ZNKSt6vectorIiSaIiEEixEm
FN:1058,_ZNKSt6vectorIN9assembler11OperandTypeESaIS1_EEixEm
FNDA:48,_ZNKSt6vectorIN9assembler11OperandTypeESaIS1_EEixEm
FN:1067,_ZNKSt6vectorIiSaIiEE14_M_range_checkEm
FNDA:48,_ZNKSt6vectorIiSaIiEE14_M_range_checkEm
FN:1067,_ZNKSt6vectorIN9assembler11OperandTypeESaIS1_EE14_M_range_checkEm
FNDA:48,_ZNKSt6vectorIN9assembler11OperandTypeESaIS1_EE14_M_range_checkEm
FN:1067,_ZNKSt6vectorINSt7__cxx1112basic_stringIcSt11char_traitsIcESaIcEEESaIS5_EE14_M_range_checkEm
FNDA:41,_ZNKSt6vectorINSt7__cxx1112basic_stringIcSt11char_traitsIcESaIcEEESaIS5_EE14_M_range_checkEm
FN:1107,_ZNKSt6vectorIiSaIiEE2atEm
FNDA:48,_ZNKSt6vectorIiSaIiEE2atEm
FN:1107,_ZNKSt6vectorIN9assembler11OperandTypeESaIS1_EE2atEm
FNDA:48,_ZNKSt6vectorIN9assembler11OperandTypeESaIS1_EE2atEm
FN:1107,_ZNKSt6vectorINSt7__cxx1112basic_stringIcSt11char_traitsIcESaIcEEESaIS5_EE2atEm
FNDA:41,_ZNKSt6vectorINSt7__cxx1112basic_stringIcSt11char_traitsIcESaIcEEESaIS5_EE2atEm
FN:1200,_ZNSt6vectorIiSaIiEE9push_backEOi
FNDA:49,_ZNSt6vectorIiSaIiEE9push_backEOi
FN:1200,_ZNSt6vectorINSt7__cxx1112basic_stringIcSt11char_traitsIcESaIcEEESaIS5_EE9push_backEOS5_
FNDA:95,_ZNSt6vectorINSt7__cxx1112basic_stringIcSt11char_traitsIcESaIcEEESaIS5_EE9push_backEOS5_
FN:1505,_ZNSt6vectorIiSaIiEE20_M_allocate_and_copyISt13move_iteratorIPiEEES4_mT_S6_
FNDA:0,_ZNSt6vectorIiSaIiEE20_M_allocate_and_copyISt13move_iteratorIPiEEES4_mT_S6_
FN:1505,_ZNSt6vectorINSt7__cxx1112basic_stringIcSt11char_traitsIcESaIcEEESaIS5_EE20_M_allocate_and_copyISt13move_iteratorIPS5_EEESA_mT_SC_
FNDA:0,_ZNSt6vectorINSt7__cxx1112basic_stringIcSt11char_traitsIcESaIcEEESaIS5_EE20_M_allocate_and_copyISt13move_iteratorIPS5_EEESA_mT_SC_
FN:1574,_ZNSt6vectorIN9assembler11OperandTypeESaIS1_EE19_M_range_initializeIPKS1_EEvT_S7_St20forward_iterator_tag
FNDA:0,_ZNSt6vectorIN9assembler11OperandTypeESaIS1_EE19_M_range_initializeIPKS1_EEvT_S7_St20forward_iterator_tag
FN:1753,_ZNKSt6vectorINSt7__cxx1112basic_stringIcSt11char_traitsIcESaIcEEESaIS5_EE12_M_check_lenEmPKc
FNDA:103,_ZNKSt6vectorINSt7__cxx1112basic_stringIcSt11char_traitsIcESaIcEEESaIS5_EE12_M_check_lenEmPKc
FN:1753,_ZNKSt6vectorIiSaIiEE12_M_check_lenEmPKc
FNDA:0,_ZNKSt6vectorIiSaIiEE12_M_check_lenEmPKc
FN:1764,_ZNSt6vectorIN9assembler11OperandTypeESaIS1_EE17_S_check_init_lenEmRKS2_
FNDA:0,_ZNSt6vectorIN9assembler11OperandTypeESaIS1_EE17_S_check_init_lenEmRKS2_
FN:1773,_ZNSt6vectorIN9assembler11OperandTypeESaIS1_EE11_S_max_sizeERKS2_
FNDA:0,_ZNSt6vectorIN9assembler11OperandTypeESaIS1_EE11_S_max_sizeERKS2_
FN:1773,_ZNSt6vectorIiSaIiEE11_S_max_sizeERKS0_
FNDA:20,_ZNSt6vectorIiSaIiEE11_S_max_sizeERKS0_
FN:1773,_ZNSt6vectorINSt7__cxx1112basic_stringIcSt11char_traitsIcESaIcEEESaIS5_EE11_S_max_sizeERKS6_
FNDA:223,_ZNSt6vectorINSt7__cxx1112basic_stringIcSt11char_traitsIcESaIcEEESaIS5_EE11_S_max_sizeERKS6_
DA:94,20
DA:95,20
DA:96,20
DA:94,1269
DA:95,1269
DA:96,1269
DA:94,0
DA:95,0
DA:96,0
DA:128,20
DA:130,20
DA:131,20
DA:128,75
DA:130,75
DA:131,75
DA:128,0
DA:130,0
DA:131,0
DA:133,0
DA:134,0
DA:135,0
DA:273,39
DA:274,39
DA:273,3211
DA:274,3211
DA:273,0
DA:274,0
DA:277,1413
DA:278,1413
DA:277,20
DA:278,20
DA:277,0
DA:278,0
DA:285,20
DA:285,75
DA:285,0
DA:290,0
DA:291,0
DA:300,0
DA:301,0
DA:302,0
DA:330,20
DA:332,20
DA:333,20
DA:334,20
DA:330,1796
DA:332,1796
DA:333,1796
DA:334,1796
DA:330,0
DA:332,0
DA:333,0
DA:334,0
DA:340,0
DA:343,0
DA:340,1309
DA:343,1309
DA:340,19
DA:343,19
DA:347,39
DA:350,39
DA:351,19
DA:352,39
DA:347,1914
DA:350,1914
DA:351,1306
DA:352,1914
DA:347,0
DA:350,0
DA:351,0
DA:352,0
DA:356,0
DA:358,0
DA:359,0
DA:360,0
DA:361,0
DA:428,221
DA:433,221
DA:428,19
DA:433,19
DA:441,221
DA:446,221
DA:441,19
DA:446,19
DA:450,221
DA:453,221
DA:450,19
DA:453,19
DA:462,221
DA:466,221
DA:462,19
DA:466,19
DA:484,20
DA:484,75
DA:484,0
DA:550,0
DA:552,0
DA:554,0
DA:555,0
DA:557,0
DA:558,0
DA:622,0
DA:624,0
DA:626,0
DA:628,0
DA:675,20
DA:677,20
DA:678,20
DA:680,20
DA:675,1796
DA:677,1796
DA:678,1796
DA:680,1796
DA:675,0
DA:677,0
DA:678,0
DA:680,0
DA:808,0
DA:809,0
DA:808,105
DA:809,105
DA:817,0
DA:818,0
DA:817,16
DA:818,16
DA:817,1225
DA:818,1225
DA:826,0
DA:827,0
DA:826,105
DA:827,105
DA:835,0
DA:836,0
DA:835,16
DA:836,16
DA:835,1225
DA:836,1225
DA:915,147
DA:916,147
DA:915,0
DA:916,0
DA:915,1700
DA:916,1700
DA:920,222
DA:921,222
DA:920,20
DA:921,20
DA:995,16
DA:996,16
DA:997,16
DA:995,20
DA:996,20
DA:997,20
DA:1058,41
DA:1061,41
DA:1058,48
DA:1061,48
DA:1058,48
DA:1061,48
DA:1067,41
DA:1069,41
DA:1070,0
DA:1074,41
DA:1067,48
DA:1069,48
DA:1070,0
DA:1074,48
DA:1067,48
DA:1069,48
DA:1070,0
DA:1074,48
DA:1107,41
DA:1109,41
DA:1110,41
DA:1107,48
DA:1109,48
DA:1110,48
DA:1107,48
DA:1109,48
DA:1110,48
DA:1200,49
DA:1201,49
DA:1200,95
DA:1201,95
DA:1505,0
DA:1508,0
DA:1511,0
DA:1512,0
DA:1513,0
DA:1515,0
DA:1517,0
DA:1518,0
DA:1505,0
DA:1508,0
DA:1511,0
DA:1512,0
DA:1513,0
DA:1515,0
DA:1517,0
DA:1518,0
DA:1574,0
DA:1577,0
DA:1578,0
DA:1579,0
DA:1580,0
DA:1581,0
DA:1582,0
DA:1584,0
DA:1585,0
DA:1753,0
DA:1755,0
DA:1756,0
DA:1758,0
DA:1759,0
DA:1753,103
DA:1755,103
DA:1756,0
DA:1758,103
DA:1759,103
DA:1764,0
DA:1766,0
DA:1767,0
DA:1769,0
DA:1773,0
DA:1778,0
DA:1780,0
DA:1781,0
DA:1773,223
DA:1778,223
DA:1780,223
DA:1781,223
DA:1773,20
DA:1778,20
DA:1780,20
DA:1781,20
end_of_record
SF:/usr/include/c++/9/ext/type_traits.h
FN:152,_ZN9__gnu_cxx17__is_null_pointerIcEEbPT_
FNDA:0,_ZN9__gnu_cxx17__is_null_pointerIcEEbPT_
FN:152,_ZN9__gnu_cxx17__is_null_pointerIKcEEbPT_
FNDA:0,_ZN9__gnu_cxx17__is_null_pointerIKcEEbPT_
DA:152,0
DA:153,0
DA:152,0
DA:153,0
end_of_record
SF:/usr/include/c++/9/bits/hashtable.h
FN:342,_ZNKSt10_HashtableINSt7__cxx1112basic_stringIcSt11char_traitsIcESaIcEEESt4pairIKS5_iESaIS8_ENSt8__detail10_Select1stESt8equal_toIS5_ESt4hashIS5_ENSA_18_Mod_range_hashingENSA_20_Default_ranged_hashENSA_20_Prime_rehash_policyENSA_17_Hashtable_traitsILb1ELb0ELb1EEEE21_M_uses_single_bucketEPPNSA_15_Hash_node_baseE
FNDA:0,_ZNKSt10_HashtableINSt7__cxx1112basic_stringIcSt11char_traitsIcESaIcEEESt4pairIKS5_iESaIS8_ENSt8__detail10_Select1stESt8equal_toIS5_ESt4hashIS5_ENSA_18_Mod_range_hashingENSA_20_Default_ranged_hashENSA_20_Prime_rehash_policyENSA_17_Hashtable_traitsILb1ELb0ELb1EEEE21_M_uses_single_bucketEPPNSA_15_Hash_node_baseE
FN:342,_ZNKSt10_HashtableINSt7__cxx1112basic_stringIcSt11char_traitsIcESaIcEEESt4pairIKS5_St6vectorIN9assembler11OperandTypeESaISA_EEESaISD_ENSt8__detail10_Select1stESt8equal_toIS5_ESt4hashIS5_ENSF_18_Mod_range_hashingENSF_20_Default_ranged_hashENSF_20_Prime_rehash_policyENSF_17_Hashtable_traitsILb1ELb0ELb1EEEE21_M_uses_single_bucketEPPNSF_15_Hash_node_baseE
FNDA:0,_ZNKSt10_HashtableINSt7__cxx1112basic_stringIcSt11char_traitsIcESaIcEEESt4pairIKS5_St6vectorIN9assembler11OperandTypeESaISA_EEESaISD_ENSt8__detail10_Select1stESt8equal_toIS5_ESt4hashIS5_ENSF_18_Mod_range_hashingENSF_20_Default_ranged_hashENSF_20_Prime_rehash_policyENSF_17_Hashtable_traitsILb1ELb0ELb1EEEE21_M_uses_single_bucketEPPNSF_15_Hash_node_baseE
FN:342,_ZNKSt10_HashtableINSt7__cxx1112basic_stringIcSt11char_traitsIcESaIcEEESt4pairIKS5_St5arrayIiLm4EEESaISA_ENSt8__detail10_Select1stESt8equal_toIS5_ESt4hashIS5_ENSC_18_Mod_range_hashingENSC_20_Default_ranged_hashENSC_20_Prime_rehash_policyENSC_17_Hashtable_traitsILb1ELb0ELb1EEEE21_M_uses_single_bucketEPPNSC_15_Hash_node_baseE
FNDA:0,_ZNKSt10_HashtableINSt7__cxx1112basic_stringIcSt11char_traitsIcESaIcEEESt4pairIKS5_St5arrayIiLm4EEESaISA_ENSt8__detail10_Select1stESt8equal_toIS5_ESt4hashIS5_ENSC_18_Mod_range_hashingENSC_20_Default_ranged_hashENSC_20_Prime_rehash_policyENSC_17_Hashtable_traitsILb1ELb0ELb1EEEE21_M_uses_single_bucketEPPNSC_15_Hash_node_baseE
FN:353,_ZNSt10_HashtableINSt7__cxx1112basic_stringIcSt11char_traitsIcESaIcEEESt4pairIKS5_iESaIS8_ENSt8__detail10_Select1stESt8equal_toIS5_ESt4hashIS5_ENSA_18_Mod_range_hashingENSA_20_Default_ranged_hashENSA_20_Prime_rehash_policyENSA_17_Hashtable_traitsILb1ELb0ELb1EEEE19_M_allocate_bucketsEm
FNDA:0,_ZNSt10_HashtableINSt7__cxx1112basic_stringIcSt11char_traitsIcESaIcEEESt4pairIKS5_iESaIS8_ENSt8__detail10_Select1stESt8equal_toIS5_ESt4hashIS5_ENSA_18_Mod_range_hashingENSA_20_Default_ranged_hashENSA_20_Prime_rehash_policyENSA_17_Hashtable_traitsILb1ELb0ELb1EEEE19_M_allocate_bucketsEm
FN:353,_ZNSt10_HashtableINSt7__cxx1112basic_stringIcSt11char_traitsIcESaIcEEESt4pairIKS5_St6vectorIN9assembler11OperandTypeESaISA_EEESaISD_ENSt8__detail10_Select1stESt8equal_toIS5_ESt4hashIS5_ENSF_18_Mod_range_hashingENSF_20_Default_ranged_hashENSF_20_Prime_rehash_policyENSF_17_Hashtable_traitsILb1ELb0ELb1EEEE19_M_allocate_bucketsEm
FNDA:0,_ZNSt10_HashtableINSt7__cxx1112basic_stringIcSt11char_traitsIcESaIcEEESt4pairIKS5_St6vectorIN9assembler11OperandTypeESaISA_EEESaISD_ENSt8__detail10_Select1stESt8equal_toIS5_ESt4hashIS5_ENSF_18_Mod_range_hashingENSF_20_Default_ranged_hashENSF_20_Prime_rehash_policyENSF_17_Hashtable_traitsILb1ELb0ELb1EEEE19_M_allocate_bucketsEm
FN:353,_ZNSt10_HashtableINSt7__cxx1112basic_stringIcSt11char_traitsIcESaIcEEESt4pairIKS5_St5arrayIiLm4EEESaISA_ENSt8__detail10_Select1stESt8equal_toIS5_ESt4hashIS5_ENSC_18_Mod_range_hashingENSC_20_Default_ranged_hashENSC_20_Prime_rehash_policyENSC_17_Hashtable_traitsILb1ELb0ELb1EEEE19_M_allocate_bucketsEm
FNDA:0,_ZNSt10_HashtableINSt7__cxx1112basic_stringIcSt11char_traitsIcESaIcEEESt4pairIKS5_St5arrayIiLm4EEESaISA_ENSt8__detail10_Select1stESt8equal_toIS5_ESt4hashIS5_ENSC_18_Mod_range_hashingENSC_20_Default_ranged_hashENSC_20_Prime_rehash_policyENSC_17_Hashtable_traitsILb1ELb0ELb1EEEE19_M_allocate_bucketsEm
FN:365,_ZNSt10_HashtableINSt7__cxx1112basic_stringIcSt11char_traitsIcESaIcEEESt4pairIKS5_St6vectorIN9assembler11OperandTypeESaISA_EEESaISD_ENSt8__detail10_Select1stESt8equal_toIS5_ESt4hashIS5_ENSF_18_Mod_range_hashingENSF_20_Default_ranged_hashENSF_20_Prime_rehash_policyENSF_17_Hashtable_traitsILb1ELb0ELb1EEEE21_M_deallocate_bucketsEPPNSF_15_Hash_node_baseEm
FNDA:0,_ZNSt10_HashtableINSt7__cxx1112basic_stringIcSt11char_traitsIcESaIcEEESt4pairIKS5_St6vectorIN9assembler11OperandTypeESaISA_EEESaISD_ENSt8__detail10_Select1stESt8equal_toIS5_ESt4hashIS5_ENSF_18_Mod_range_hashingENSF_20_Default_ranged_hashENSF_20_Prime_rehash_policyENSF_17_Hashtable_traitsILb1ELb0ELb1EEEE21_M_deallocate_bucketsEPPNSF_15_Hash_node_baseEm
FN:365,_ZNSt10_HashtableINSt7__cxx1112basic_stringIcSt11char_traitsIcESaIcEEESt4pairIKS5_St5arrayIiLm4EEESaISA_ENSt8__detail10_Select1stESt8equal_toIS5_ESt4hashIS5_ENSC_18_Mod_range_hashingENSC_20_Default_ranged_hashENSC_20_Prime_rehash_policyENSC_17_Hashtable_traitsILb1ELb0ELb1EEEE21_M_deallocate_bucketsEPPNSC_15_Hash_node_baseEm
FNDA:0,_ZNSt10_HashtableINSt7__cxx1112basic_stringIcSt11char_traitsIcESaIcEEESt4pairIKS5_St5arrayIiLm4EEESaISA_ENSt8__detail10_Select1stESt8equal_toIS5_ESt4hashIS5_ENSC_18_Mod_range_hashingENSC_20_Default_ranged_hashENSC_20_Prime_rehash_policyENSC_17_Hashtable_traitsILb1ELb0ELb1EEEE21_M_deallocate_bucketsEPPNSC_15_Hash_node_baseEm
FN:365,_ZNSt10_HashtableINSt7__cxx1112basic_stringIcSt11char_traitsIcESaIcEEESt4pairIKS5_iESaIS8_ENSt8__detail10_Select1stESt8equal_toIS5_ESt4hashIS5_ENSA_18_Mod_range_hashingENSA_20_Default_ranged_hashENSA_20_Prime_rehash_policyENSA_17_Hashtable_traitsILb1ELb0ELb1EEEE21_M_deallocate_bucketsEPPNSA_15_Hash_node_baseEm
FNDA:0,_ZNSt10_HashtableINSt7__cxx1112basic_stringIcSt11char_traitsIcESaIcEEESt4pairIKS5_iESaIS8_ENSt8__detail10_Select1stESt8equal_toIS5_ESt4hashIS5_ENSA_18_Mod_range_hashingENSA_20_Default_ranged_hashENSA_20_Prime_rehash_policyENSA_17_Hashtable_traitsILb1ELb0ELb1EEEE21_M_deallocate_bucketsEPPNSA_15_Hash_node_baseEm
FN:374,_ZNSt10_HashtableINSt7__cxx1112basic_stringIcSt11char_traitsIcESaIcEEESt4pairIKS5_iESaIS8_ENSt8__detail10_Select1stESt8equal_toIS5_ESt4hashIS5_ENSA_18_Mod_range_hashingENSA_20_Default_ranged_hashENSA_20_Prime_rehash_policyENSA_17_Hashtable_traitsILb1ELb0ELb1EEEE21_M_deallocate_bucketsEv
FNDA:0,_ZNSt10_HashtableINSt7__cxx1112basic_stringIcSt11char_traitsIcESaIcEEESt4pairIKS5_iESaIS8_ENSt8__detail10_Select1stESt8equal_toIS5_ESt4hashIS5_ENSA_18_Mod_range_hashingENSA_20_Default_ranged_hashENSA_20_Prime_rehash_policyENSA_17_Hashtable_traitsILb1ELb0ELb1EEEE21_M_deallocate_bucketsEv
FN:374,_ZNSt10_HashtableINSt7__cxx1112basic_stringIcSt11char_traitsIcESaIcEEESt4pairIKS5_St5arrayIiLm4EEESaISA_ENSt8__detail10_Select1stESt8equal_toIS5_ESt4hashIS5_ENSC_18_Mod_range_hashingENSC_20_Default_ranged_hashENSC_20_Prime_rehash_policyENSC_17_Hashtable_traitsILb1ELb0ELb1EEEE21_M_deallocate_bucketsEv
FNDA:0,_ZNSt10_HashtableINSt7__cxx1112basic_stringIcSt11char_traitsIcESaIcEEESt4pairIKS5_St5arrayIiLm4EEESaISA_ENSt8__detail10_Select1stESt8equal_toIS5_ESt4hashIS5_ENSC_18_Mod_range_hashingENSC_20_Default_ranged_hashENSC_20_Prime_rehash_policyENSC_17_Hashtable_traitsILb1ELb0ELb1EEEE21_M_deallocate_bucketsEv
FN:374,_ZNSt10_HashtableINSt7__cxx1112basic_stringIcSt11char_traitsIcESaIcEEESt4pairIKS5_St6vectorIN9assembler11OperandTypeESaISA_EEESaISD_ENSt8__detail10_Select1stESt8equal_toIS5_ESt4hashIS5_ENSF_18_Mod_range_hashingENSF_20_Default_ranged_hashENSF_20_Prime_rehash_policyENSF_17_Hashtable_traitsILb1ELb0ELb1EEEE21_M_deallocate_bucketsEv
FNDA:0,_ZNSt10_HashtableINSt7__cxx1112basic_stringIcSt11char_traitsIcESaIcEEESt4pairIKS5_St6vectorIN9assembler11OperandTypeESaISA_EEESaISD_ENSt8__detail10_Select1stESt8equal_toIS5_ESt4hashIS5_ENSF_18_Mod_range_hashingENSF_20_Default_ranged_hashENSF_20_Prime_rehash_policyENSF_17_Hashtable_traitsILb1ELb0ELb1EEEE21_M_deallocate_bucketsEv
FN:383,_ZNKSt10_HashtableINSt7__cxx1112basic_stringIcSt11char_traitsIcESaIcEEESt4pairIKS5_iESaIS8_ENSt8__detail10_Select1stESt8equal_toIS5_ESt4hashIS5_ENSA_18_Mod_range_hashingENSA_20_Default_ranged_hashENSA_20_Prime_rehash_policyENSA_17_Hashtable_traitsILb1ELb0ELb1EEEE8_M_beginEv
FNDA:0,_ZNKSt10_HashtableINSt7__cxx1112basic_stringIcSt11char_traitsIcESaIcEEESt4pairIKS5_iESaIS8_ENSt8__detail10_Select1stESt8equal_toIS5_ESt4hashIS5_ENSA_18_Mod_range_hashingENSA_20_Default_ranged_hashENSA_20_Prime_rehash_policyENSA_17_Hashtable_traitsILb1ELb0ELb1EEEE8_M_beginEv
FN:383,_ZNKSt10_HashtableINSt7__cxx1112basic_stringIcSt11char_traitsIcESaIcEEESt4pairIKS5_St6vectorIN9assembler11OperandTypeESaISA_EEESaISD_ENSt8__detail10_Select1stESt8equal_toIS5_ESt4hashIS5_ENSF_18_Mod_range_hashingENSF_20_Default_ranged_hashENSF_20_Prime_rehash_policyENSF_17_Hashtable_traitsILb1ELb0ELb1EEEE8_M_beginEv
FNDA:0,_ZNKSt10_HashtableINSt7__cxx1112basic_stringIcSt11char_traitsIcESaIcEEESt4pairIKS5_St6vectorIN9assembler11OperandTypeESaISA_EEESaISD_ENSt8__detail10_Select1stESt8equal_toIS5_ESt4hashIS5_ENSF_18_Mod_range_hashingENSF_20_Default_ranged_hashENSF_20_Prime_rehash_policyENSF_17_Hashtable_traitsILb1ELb0ELb1EEEE8_M_beginEv
FN:383,_ZNKSt10_HashtableINSt7__cxx1112basic_stringIcSt11char_traitsIcESaIcEEESt4pairIKS5_St5arrayIiLm4EEESaISA_ENSt8__detail10_Select1stESt8equal_toIS5_ESt4hashIS5_ENSC_18_Mod_range_hashingENSC_20_Default_ranged_hashENSC_20_Prime_rehash_policyENSC_17_Hashtable_traitsILb1ELb0ELb1EEEE8_M_beginEv
FNDA:0,_ZNKSt10_HashtableINSt7__cxx1112basic_stringIcSt11char_traitsIcESaIcEEESt4pairIKS5_St5arrayIiLm4EEESaISA_ENSt8__detail10_Select1stESt8equal_toIS5_ESt4hashIS5_ENSC_18_Mod_range_hashingENSC_20_Default_ranged_hashENSC_20_Prime_rehash_policyENSC_17_Hashtable_traitsILb1ELb0ELb1EEEE8_M_beginEv
FN:405,_ZNSt10_HashtableINSt7__cxx1112basic_stringIcSt11char_traitsIcESaIcEEESt4pairIKS5_iESaIS8_ENSt8__detail10_Select1stESt8equal_toIS5_ESt4hashIS5_ENSA_18_Mod_range_hashingENSA_20_Default_ranged_hashENSA_20_Prime_rehash_policyENSA_17_Hashtable_traitsILb1ELb0ELb1EEEEC2ERKSF_RKSG_RKSH_RKSD_RKSB_RKS9_
FNDA:0,_ZNSt10_HashtableINSt7__cxx1112basic_stringIcSt11char_traitsIcESaIcEEESt4pairIKS5_iESaIS8_ENSt8__detail10_Select1stESt8equal_toIS5_ESt4hashIS5_ENSA_18_Mod_range_hashingENSA_20_Default_ranged_hashENSA_20_Prime_rehash_policyENSA_17_Hashtable_traitsILb1ELb0ELb1EEEEC2ERKSF_RKSG_RKSH_RKSD_RKSB_RKS9_
FN:405,_ZNSt10_HashtableINSt7__cxx1112basic_stringIcSt11char_traitsIcESaIcEEESt4pairIKS5_St6vectorIN9assembler11OperandTypeESaISA_EEESaISD_ENSt8__detail10_Select1stESt8equal_toIS5_ESt4hashIS5_ENSF_18_Mod_range_hashingENSF_20_Default_ranged_hashENSF_20_Prime_rehash_policyENSF_17_Hashtable_traitsILb1ELb0ELb1EEEEC2ERKSK_RKSL_RKSM_RKSI_RKSG_RKSE_
FNDA:0,_ZNSt10_HashtableINSt7__cxx1112basic_stringIcSt11char_traitsIcESaIcEEESt4pairIKS5_St6vectorIN9assembler11OperandTypeESaISA_EEESaISD_ENSt8__detail10_Select1stESt8equal_toIS5_ESt4hashIS5_ENSF_18_Mod_range_hashingENSF_20_Default_ranged_hashENSF_20_Prime_rehash_policyENSF_17_Hashtable_traitsILb1ELb0ELb1EEEEC2ERKSK_RKSL_RKSM_RKSI_RKSG_RKSE_
FN:405,_ZNSt10_HashtableINSt7__cxx1112basic_stringIcSt11char_traitsIcESaIcEEESt4pairIKS5_St5arrayIiLm4EEESaISA_ENSt8__detail10_Select1stESt8equal_toIS5_ESt4hashIS5_ENSC_18_Mod_range_hashingENSC_20_Default_ranged_hashENSC_20_Prime_rehash_policyENSC_17_Hashtable_traitsILb1ELb0ELb1EEEEC2ERKSH_RKSI_RKSJ_RKSF_RKSD_RKSB_
FNDA:0,_ZNSt10_HashtableINSt7__cxx1112basic_stringIcSt11char_traitsIcESaIcEEESt4pairIKS5_St5arrayIiLm4EEESaISA_ENSt8__detail10_Select1stESt8equal_toIS5_ESt4hashIS5_ENSC_18_Mod_range_hashingENSC_20_Default_ranged_hashENSC_20_Prime_rehash_policyENSC_17_Hashtable_traitsILb1ELb0ELb1EEEEC2ERKSH_RKSI_RKSJ_RKSF_RKSD_RKSB_
FN:492,_ZNSt10_HashtableINSt7__cxx1112basic_stringIcSt11char_traitsIcESaIcEEESt4pairIKS5_iESaIS8_ENSt8__detail10_Select1stESt8equal_toIS5_ESt4hashIS5_ENSA_18_Mod_range_hashingENSA_20_Default_ranged_hashENSA_20_Prime_rehash_policyENSA_17_Hashtable_traitsILb1ELb0ELb1EEEEC2ESt16initializer_listIS8_EmRKSF_RKSD_RKS9_
FNDA:0,_ZNSt10_HashtableINSt7__cxx1112basic_stringIcSt11char_traitsIcESaIcEEESt4pairIKS5_iESaIS8_ENSt8__detail10_Select1stESt8equal_toIS5_ESt4hashIS5_ENSA_18_Mod_range_hashingENSA_20_Default_ranged_hashENSA_20_Prime_rehash_policyENSA_17_Hashtable_traitsILb1ELb0ELb1EEEEC2ESt16initializer_listIS8_EmRKSF_RKSD_RKS9_
FN:492,_ZNSt10_HashtableINSt7__cxx1112basic_stringIcSt11char_traitsIcESaIcEEESt4pairIKS5_St6vectorIN9assembler11OperandTypeESaISA_EEESaISD_ENSt8__detail10_Select1stESt8equal_toIS5_ESt4hashIS5_ENSF_18_Mod_range_hashingENSF_20_Default_ranged_hashENSF_20_Prime_rehash_policyENSF_17_Hashtable_traitsILb1ELb0ELb1EEEEC2ESt16initializer_listISD_EmRKSK_RKSI_RKSE_
FNDA:0,_ZNSt10_HashtableINSt7__cxx1112basic_stringIcSt11char_traitsIcESaIcEEESt4pairIKS5_St6vectorIN9assembler11OperandTypeESaISA_EEESaISD_ENSt8__detail10_Select1stESt8equal_toIS5_ESt4hashIS5_ENSF_18_Mod_range_hashingENSF_20_Default_ranged_hashENSF_20_Prime_rehash_policyENSF_17_Hashtable_traitsILb1ELb0ELb1EEEEC2ESt16initializer_listISD_EmRKSK_RKSI_RKSE_
FN:492,_ZNSt10_HashtableINSt7__cxx1112basic_stringIcSt11char_traitsIcESaIcEEESt4pairIKS5_St5arrayIiLm4EEESaISA_ENSt8__detail10_Select1stESt8equal_toIS5_ESt4hashIS5_ENSC_18_Mod_range_hashingENSC_20_Default_ranged_hashENSC_20_Prime_rehash_policyENSC_17_Hashtable_traitsILb1ELb0ELb1EEEEC2ESt16initializer_listISA_EmRKSH_RKSF_RKSB_
FNDA:0,_ZNSt10_HashtableINSt7__cxx1112basic_stringIcSt11char_traitsIcESaIcEEESt4pairIKS5_St5arrayIiLm4EEESaISA_ENSt8__detail10_Select1stESt8equal_toIS5_ESt4hashIS5_ENSC_18_Mod_range_hashingENSC_20_Default_ranged_hashENSC_20_Prime_rehash_policyENSC_17_Hashtable_traitsILb1ELb0ELb1EEEEC2ESt16initializer_listISA_EmRKSH_RKSF_RKSB_
FN:548,_ZNKSt10_HashtableINSt7__cxx1112basic_stringIcSt11char_traitsIcESaIcEEESt4pairIKS5_iESaIS8_ENSt8__detail10_Select1stESt8equal_toIS5_ESt4hashIS5_ENSA_18_Mod_range_hashingENSA_20_Default_ranged_hashENSA_20_Prime_rehash_policyENSA_17_Hashtable_traitsILb1ELb0ELb1EEEE3endEv
FNDA:26,_ZNKSt10_HashtableINSt7__cxx1112basic_stringIcSt11char_traitsIcESaIcEEESt4pairIKS5_iESaIS8_ENSt8__detail10_Select1stESt8equal_toIS5_ESt4hashIS5_ENSA_18_Mod_range_hashingENSA_20_Default_ranged_hashENSA_20_Prime_rehash_policyENSA_17_Hashtable_traitsILb1ELb0ELb1EEEE3endEv
FN:671,_ZNKSt10_HashtableINSt7__cxx1112basic_stringIcSt11char_traitsIcESaIcEEESt4pairIKS5_iESaIS8_ENSt8__detail10_Select1stESt8equal_toIS5_ESt4hashIS5_ENSA_18_Mod_range_hashingENSA_20_Default_ranged_hashENSA_20_Prime_rehash_policyENSA_17_Hashtable_traitsILb1ELb0ELb1EEEE15_M_bucket_indexEPNSA_10_Hash_nodeIS8_Lb1EEE
FNDA:0,_ZNKSt10_HashtableINSt7__cxx1112basic_stringIcSt11char_traitsIcESaIcEEESt4pairIKS5_iESaIS8_ENSt8__detail10_Select1stESt8equal_toIS5_ESt4hashIS5_ENSA_18_Mod_range_hashingENSA_20_Default_ranged_hashENSA_20_Prime_rehash_policyENSA_17_Hashtable_traitsILb1ELb0ELb1EEEE15_M_bucket_indexEPNSA_10_Hash_nodeIS8_Lb1EEE
FN:671,_ZNKSt10_HashtableINSt7__cxx1112basic_stringIcSt11char_traitsIcESaIcEEESt4pairIKS5_St6vectorIN9assembler11OperandTypeESaISA_EEESaISD_ENSt8__detail10_Select1stESt8equal_toIS5_ESt4hashIS5_ENSF_18_Mod_range_hashingENSF_20_Default_ranged_hashENSF_20_Prime_rehash_policyENSF_17_Hashtable_traitsILb1ELb0ELb1EEEE15_M_bucket_indexEPNSF_10_Hash_nodeISD_Lb1EEE
FNDA:0,_ZNKSt10_HashtableINSt7__cxx1112basic_stringIcSt11char_traitsIcESaIcEEESt4pairIKS5_St6vectorIN9assembler11OperandTypeESaISA_EEESaISD_ENSt8__detail10_Select1stESt8equal_toIS5_ESt4hashIS5_ENSF_18_Mod_range_hashingENSF_20_Default_ranged_hashENSF_20_Prime_rehash_policyENSF_17_Hashtable_traitsILb1ELb0ELb1EEEE15_M_bucket_indexEPNSF_10_Hash_nodeISD_Lb1EEE
FN:671,_ZNKSt10_HashtableINSt7__cxx1112basic_stringIcSt11char_traitsIcESaIcEEESt4pairIKS5_St5arrayIiLm4EEESaISA_ENSt8__detail10_Select1stESt8equal_toIS5_ESt4hashIS5_ENSC_18_Mod_range_hashingENSC_20_Default_ranged_hashENSC_20_Prime_rehash_policyENSC_17_Hashtable_traitsILb1ELb0ELb1EEEE15_M_bucket_indexEPNSC_10_Hash_nodeISA_Lb1EEE
FNDA:0,_ZNKSt10_HashtableINSt7__cxx1112basic_stringIcSt11char_traitsIcESaIcEEESt4pairIKS5_St5arrayIiLm4EEESaISA_ENSt8__detail10_Select1stESt8equal_toIS5_ESt4hashIS5_ENSC_18_Mod_range_hashingENSC_20_Default_ranged_hashENSC_20_Prime_rehash_policyENSC_17_Hashtable_traitsILb1ELb0ELb1EEEE15_M_bucket_indexEPNSC_10_Hash_nodeISA_Lb1EEE
FN:675,_ZNKSt10_HashtableINSt7__cxx1112basic_stringIcSt11char_traitsIcESaIcEEESt4pairIKS5_St6vectorIN9assembler11OperandTypeESaISA_EEESaISD_ENSt8__detail10_Select1stESt8equal_toIS5_ESt4hashIS5_ENSF_18_Mod_range_hashingENSF_20_Default_ranged_hashENSF_20_Prime_rehash_policyENSF_17_Hashtable_traitsILb1ELb0ELb1EEEE15_M_bucket_indexERS7_m
FNDA:0,_ZNKSt10_HashtableINSt7__cxx1112basic_stringIcSt11char_traitsIcESaIcEEESt4pairIKS5_St6vectorIN9assembler11OperandTypeESaISA_EEESaISD_ENSt8__detail10_Select1stESt8equal_toIS5_ESt4hashIS5_ENSF_18_Mod_range_hashingENSF_20_Default_ranged_hashENSF_20_Prime_rehash_policyENSF_17_Hashtable_traitsILb1ELb0ELb1EEEE15_M_bucket_indexERS7_m
FN:675,_ZNKSt10_HashtableINSt7__cxx1112basic_stringIcSt11char_traitsIcESaIcEEESt4pairIKS5_iESaIS8_ENSt8__detail10_Select1stESt8equal_toIS5_ESt4hashIS5_ENSA_18_Mod_range_hashingENSA_20_Default_ranged_hashENSA_20_Prime_rehash_policyENSA_17_Hashtable_traitsILb1ELb0ELb1EEEE15_M_bucket_indexERS7_m
FNDA:0,_ZNKSt10_HashtableINSt7__cxx1112basic_stringIcSt11char_traitsIcESaIcEEESt4pairIKS5_iESaIS8_ENSt8__detail10_Select1stESt8equal_toIS5_ESt4hashIS5_ENSA_18_Mod_range_hashingENSA_20_Default_ranged_hashENSA_20_Prime_rehash_policyENSA_17_Hashtable_traitsILb1ELb0ELb1EEEE15_M_bucket_indexERS7_m
FN:675,_ZNKSt10_HashtableINSt7__cxx1112basic_stringIcSt11char_traitsIcESaIcEEESt4pairIKS5_St5arrayIiLm4EEESaISA_ENSt8__detail10_Select1stESt8equal_toIS5_ESt4hashIS5_ENSC_18_Mod_range_hashingENSC_20_Default_ranged_hashENSC_20_Prime_rehash_policyENSC_17_Hashtable_traitsILb1ELb0ELb1EEEE15_M_bucket_indexERS7_m
FNDA:0,_ZNKSt10_HashtableINSt7__cxx1112basic_stringIcSt11char_traitsIcESaIcEEESt4pairIKS5_St5arrayIiLm4EEESaISA_ENSt8__detail10_Select1stESt8equal_toIS5_ESt4hashIS5_ENSC_18_Mod_range_hashingENSC_20_Default_ranged_hashENSC_20_Prime_rehash_policyENSC_17_Hashtable_traitsILb1ELb0ELb1EEEE15_M_bucket_indexERS7_m
FN:684,_ZNKSt10_HashtableINSt7__cxx1112basic_stringIcSt11char_traitsIcESaIcEEESt4pairIKS5_iESaIS8_ENSt8__detail10_Select1stESt8equal_toIS5_ESt4hashIS5_ENSA_18_Mod_range_hashingENSA_20_Default_ranged_hashENSA_20_Prime_rehash_policyENSA_17_Hashtable_traitsILb1ELb0ELb1EEEE12_M_find_nodeEmRS7_m
FNDA:0,_ZNKSt10_HashtableINSt7__cxx1112basic_stringIcSt11char_traitsIcESaIcEEESt4pairIKS5_iESaIS8_ENSt8__detail10_Select1stESt8equal_toIS5_ESt4hashIS5_ENSA_18_Mod_range_hashingENSA_20_Default_ranged_hashENSA_20_Prime_rehash_policyENSA_17_Hashtable_traitsILb1ELb0ELb1EEEE12_M_find_nodeEmRS7_m
FN:684,_ZNKSt10_HashtableINSt7__cxx1112basic_stringIcSt11char_traitsIcESaIcEEESt4pairIKS5_St6vectorIN9assembler11OperandTypeESaISA_EEESaISD_ENSt8__detail10_Select1stESt8equal_toIS5_ESt4hashIS5_ENSF_18_Mod_range_hashingENSF_20_Default_ranged_hashENSF_20_Prime_rehash_policyENSF_17_Hashtable_traitsILb1ELb0ELb1EEEE12_M_find_nodeEmRS7_m
FNDA:0,_ZNKSt10_HashtableINSt7__cxx1112basic_stringIcSt11char_traitsIcESaIcEEESt4pairIKS5_St6vectorIN9assembler11OperandTypeESaISA_EEESaISD_ENSt8__detail10_Select1stESt8equal_toIS5_ESt4hashIS5_ENSF_18_Mod_range_hashingENSF_20_Default_ranged_hashENSF_20_Prime_rehash_policyENSF_17_Hashtable_traitsILb1ELb0ELb1EEEE12_M_find_nodeEmRS7_m
FN:684,_ZNKSt10_HashtableINSt7__cxx1112basic_stringIcSt11char_traitsIcESaIcEEESt4pairIKS5_St5arrayIiLm4EEESaISA_ENSt8__detail10_Select1stESt8equal_toIS5_ESt4hashIS5_ENSC_18_Mod_range_hashingENSC_20_Default_ranged_hashENSC_20_Prime_rehash_policyENSC_17_Hashtable_traitsILb1ELb0ELb1EEEE12_M_find_nodeEmRS7_m
FNDA:0,_ZNKSt10_HashtableINSt7__cxx1112basic_stringIcSt11char_traitsIcESaIcEEESt4pairIKS5_St5arrayIiLm4EEESaISA_ENSt8__detail10_Select1stESt8equal_toIS5_ESt4hashIS5_ENSC_18_Mod_range_hashingENSC_20_Default_ranged_hashENSC_20_Prime_rehash_policyENSC_17_Hashtable_traitsILb1ELb0ELb1EEEE12_M_find_nodeEmRS7_m
FN:1004,_ZNSt10_HashtableINSt7__cxx1112basic_stringIcSt11char_traitsIcESaIcEEESt4pairIKS5_iESaIS8_ENSt8__detail10_Select1stESt8equal_toIS5_ESt4hashIS5_ENSA_18_Mod_range_hashingENSA_20_Default_ranged_hashENSA_20_Prime_rehash_policyENSA_17_Hashtable_traitsILb1ELb0ELb1EEEEC2IPKS8_EET_SP_mRKSF_RKSG_RKSH_RKSD_RKSB_RKS9_
FNDA:0,_ZNSt10_HashtableINSt7__cxx1112basic_stringIcSt11char_traitsIcESaIcEEESt4pairIKS5_iESaIS8_ENSt8__detail10_Select1stESt8equal_toIS5_ESt4hashIS5_ENSA_18_Mod_range_hashingENSA_20_Default_ranged_hashENSA_20_Prime_rehash_policyENSA_17_Hashtable_traitsILb1ELb0ELb1EEEEC2IPKS8_EET_SP_mRKSF_RKSG_RKSH_RKSD_RKSB_RKS9_
FN:1004,_ZNSt10_HashtableINSt7__cxx1112basic_stringIcSt11char_traitsIcESaIcEEESt4pairIKS5_St5arrayIiLm4EEESaISA_ENSt8__detail10_Select1stESt8equal_toIS5_ESt4hashIS5_ENSC_18_Mod_range_hashingENSC_20_Default_ranged_hashENSC_20_Prime_rehash_policyENSC_17_Hashtable_traitsILb1ELb0ELb1EEEEC2IPKSA_EET_SR_mRKSH_RKSI_RKSJ_RKSF_RKSD_RKSB_
FNDA:0,_ZNSt10_HashtableINSt7__cxx1112basic_stringIcSt11char_traitsIcESaIcEEESt4pairIKS5_St5arrayIiLm4EEESaISA_ENSt8__detail10_Select1stESt8equal_toIS5_ESt4hashIS5_ENSC_18_Mod_range_hashingENSC_20_Default_ranged_hashENSC_20_Prime_rehash_policyENSC_17_Hashtable_traitsILb1ELb0ELb1EEEEC2IPKSA_EET_SR_mRKSH_RKSI_RKSJ_RKSF_RKSD_RKSB_
FN:1004,_ZNSt10_HashtableINSt7__cxx1112basic_stringIcSt11char_traitsIcESaIcEEESt4pairIKS5_St6vectorIN9assembler11OperandTypeESaISA_EEESaISD_ENSt8__detail10_Select1stESt8equal_toIS5_ESt4hashIS5_ENSF_18_Mod_range_hashingENSF_20_Default_ranged_hashENSF_20_Prime_rehash_policyENSF_17_Hashtable_traitsILb1ELb0ELb1EEEEC2IPKSD_EET_SU_mRKSK_RKSL_RKSM_RKSI_RKSG_RKSE_
FNDA:0,_ZNSt10_HashtableINSt7__cxx1112basic_stringIcSt11char_traitsIcESaIcEEESt4pairIKS5_St6vectorIN9assembler11OperandTypeESaISA_EEESaISD_ENSt8__detail10_Select1stESt8equal_toIS5_ESt4hashIS5_ENSF_18_Mod_range_hashingENSF_20_Default_ranged_hashENSF_20_Prime_rehash_policyENSF_17_Hashtable_traitsILb1ELb0ELb1EEEEC2IPKSD_EET_SU_mRKSK_RKSL_RKSM_RKSI_RKSG_RKSE_
FN:1383,_ZNSt10_HashtableINSt7__cxx1112basic_stringIcSt11char_traitsIcESaIcEEESt4pairIKS5_St5arrayIiLm4EEESaISA_ENSt8__detail10_Select1stESt8equal_toIS5_ESt4hashIS5_ENSC_18_Mod_range_hashingENSC_20_Default_ranged_hashENSC_20_Prime_rehash_policyENSC_17_Hashtable_traitsILb1ELb0ELb1EEEED2Ev
FNDA:0,_ZNSt10_HashtableINSt7__cxx1112basic_stringIcSt11char_traitsIcESaIcEEESt4pairIKS5_St5arrayIiLm4EEESaISA_ENSt8__detail10_Select1stESt8equal_toIS5_ESt4hashIS5_ENSC_18_Mod_range_hashingENSC_20_Default_ranged_hashENSC_20_Prime_rehash_policyENSC_17_Hashtable_traitsILb1ELb0ELb1EEEED2Ev
FN:1383,_ZNSt10_HashtableINSt7__cxx1112basic_stringIcSt11char_traitsIcESaIcEEESt4pairIKS5_iESaIS8_ENSt8__detail10_Select1stESt8equal_toIS5_ESt4hashIS5_ENSA_18_Mod_range_hashingENSA_20_Default_ranged_hashENSA_20_Prime_rehash_policyENSA_17_Hashtable_traitsILb1ELb0ELb1EEEED2Ev
FNDA:0,_ZNSt10_HashtableINSt7__cxx1112basic_stringIcSt11char_traitsIcESaIcEEESt4pairIKS5_iESaIS8_ENSt8__detail10_Select1stESt8equal_toIS5_ESt4hashIS5_ENSA_18_Mod_range_hashingENSA_20_Default_ranged_hashENSA_20_Prime_rehash_policyENSA_17_Hashtable_traitsILb1ELb0ELb1EEEED2Ev
FN:1383,_ZNSt10_HashtableINSt7__cxx1112basic_stringIcSt11char_traitsIcESaIcEEESt4pairIKS5_St6vectorIN9assembler11OperandTypeESaISA_EEESaISD_ENSt8__detail10_Select1stESt8equal_toIS5_ESt4hashIS5_ENSF_18_Mod_range_hashingENSF_20_Default_ranged_hashENSF_20_Prime_rehash_policyENSF_17_Hashtable_traitsILb1ELb0ELb1EEEED2Ev
FNDA:0,_ZNSt10_HashtableINSt7__cxx1112basic_stringIcSt11char_traitsIcESaIcEEESt4pairIKS5_St6vectorIN9assembler11OperandTypeESaISA_EEESaISD_ENSt8__detail10_Select1stESt8equal_toIS5_ESt4hashIS5_ENSF_18_Mod_range_hashingENSF_20_Default_ranged_hashENSF_20_Prime_rehash_policyENSF_17_Hashtable_traitsILb1ELb0ELb1EEEED2Ev
FN:1463,_ZNKSt10_HashtableINSt7__cxx1112basic_stringIcSt11char_traitsIcESaIcEEESt4pairIKS5_iESaIS8_ENSt8__detail10_Select1stESt8equal_toIS5_ESt4hashIS5_ENSA_18_Mod_range_hashingENSA_20_Default_ranged_hashENSA_20_Prime_rehash_policyENSA_17_Hashtable_traitsILb1ELb0ELb1EEEE4findERS7_
FNDA:24,_ZNKSt10_HashtableINSt7__cxx1112basic_stringIcSt11char_traitsIcESaIcEEESt4pairIKS5_iESaIS8_ENSt8__detail10_Select1stESt8equal_toIS5_ESt4hashIS5_ENSA_18_Mod_range_hashingENSA_20_Default_ranged_hashENSA_20_Prime_rehash_policyENSA_17_Hashtable_traitsILb1ELb0ELb1EEEE4findERS7_
FN:1567,_ZNKSt10_HashtableINSt7__cxx1112basic_stringIcSt11char_traitsIcESaIcEEESt4pairIKS5_St6vectorIN9assembler11OperandTypeESaISA_EEESaISD_ENSt8__detail10_Select1stESt8equal_toIS5_ESt4hashIS5_ENSF_18_Mod_range_hashingENSF_20_Default_ranged_hashENSF_20_Prime_rehash_policyENSF_17_Hashtable_traitsILb1ELb0ELb1EEEE19_M_find_before_nodeEmRS7_m
FNDA:0,_ZNKSt10_HashtableINSt7__cxx1112basic_stringIcSt11char_traitsIcESaIcEEESt4pairIKS5_St6vectorIN9assembler11OperandTypeESaISA_EEESaISD_ENSt8__detail10_Select1stESt8equal_toIS5_ESt4hashIS5_ENSF_18_Mod_range_hashingENSF_20_Default_ranged_hashENSF_20_Prime_rehash_policyENSF_17_Hashtable_traitsILb1ELb0ELb1EEEE19_M_find_before_nodeEmRS7_m
FN:1567,_ZNKSt10_HashtableINSt7__cxx1112basic_stringIcSt11char_traitsIcESaIcEEESt4pairIKS5_St5arrayIiLm4EEESaISA_ENSt8__detail10_Select1stESt8equal_toIS5_ESt4hashIS5_ENSC_18_Mod_range_hashingENSC_20_Default_ranged_hashENSC_20_Prime_rehash_policyENSC_17_Hashtable_traitsILb1ELb0ELb1EEEE19_M_find_before_nodeEmRS7_m
FNDA:0,_ZNKSt10_HashtableINSt7__cxx1112basic_stringIcSt11char_traitsIcESaIcEEESt4pairIKS5_St5arrayIiLm4EEESaISA_ENSt8__detail10_Select1stESt8equal_toIS5_ESt4hashIS5_ENSC_18_Mod_range_hashingENSC_20_Default_ranged_hashENSC_20_Prime_rehash_policyENSC_17_Hashtable_traitsILb1ELb0ELb1EEEE19_M_find_before_nodeEmRS7_m
FN:1567,_ZNKSt10_HashtableINSt7__cxx1112basic_stringIcSt11char_traitsIcESaIcEEESt4pairIKS5_iESaIS8_ENSt8__detail10_Select1stESt8equal_toIS5_ESt4hashIS5_ENSA_18_Mod_range_hashingENSA_20_Default_ranged_hashENSA_20_Prime_rehash_policyENSA_17_Hashtable_traitsILb1ELb0ELb1EEEE19_M_find_before_nodeEmRS7_m
FNDA:0,_ZNKSt10_HashtableINSt7__cxx1112basic_stringIcSt11char_traitsIcESaIcEEESt4pairIKS5_iESaIS8_ENSt8__detail10_Select1stESt8equal_toIS5_ESt4hashIS5_ENSA_18_Mod_range_hashingENSA_20_Default_ranged_hashENSA_20_Prime_rehash_policyENSA_17_Hashtable_traitsILb1ELb0ELb1EEEE19_M_find_before_nodeEmRS7_m
FN:1595,_ZNSt10_HashtableINSt7__cxx1112basic_stringIcSt11char_traitsIcESaIcEEESt4pairIKS5_St5arrayIiLm4EEESaISA_ENSt8__detail10_Select1stESt8equal_toIS5_ESt4hashIS5_ENSC_18_Mod_range_hashingENSC_20_Default_ranged_hashENSC_20_Prime_rehash_policyENSC_17_Hashtable_traitsILb1ELb0ELb1EEEE22_M_insert_bucket_beginEmPNSC_10_Hash_nodeISA_Lb1EEE
FNDA:0,_ZNSt10_HashtableINSt7__cxx1112basic_stringIcSt11char_traitsIcESaIcEEESt4pairIKS5_St5arrayIiLm4EEESaISA_ENSt8__detail10_Select1stESt8equal_toIS5_ESt4hashIS5_ENSC_18_Mod_range_hashingENSC_20_Default_ranged_hashENSC_20_Prime_rehash_policyENSC_17_Hashtable_traitsILb1ELb0ELb1EEEE22_M_insert_bucket_beginEmPNSC_10_Hash_nodeISA_Lb1EEE
FN:1595,_ZNSt10_HashtableINSt7__cxx1112basic_stringIcSt11char_traitsIcESaIcEEESt4pairIKS5_iESaIS8_ENSt8__detail10_Select1stESt8equal_toIS5_ESt4hashIS5_ENSA_18_Mod_range_hashingENSA_20_Default_ranged_hashENSA_20_Prime_rehash_policyENSA_17_Hashtable_traitsILb1ELb0ELb1EEEE22_M_insert_bucket_beginEmPNSA_10_Hash_nodeIS8_Lb1EEE
FNDA:0,_ZNSt10_HashtableINSt7__cxx1112basic_stringIcSt11char_traitsIcESaIcEEESt4pairIKS5_iESaIS8_ENSt8__detail10_Select1stESt8equal_toIS5_ESt4hashIS5_ENSA_18_Mod_range_hashingENSA_20_Default_ranged_hashENSA_20_Prime_rehash_policyENSA_17_Hashtable_traitsILb1ELb0ELb1EEEE22_M_insert_bucket_beginEmPNSA_10_Hash_nodeIS8_Lb1EEE
FN:1595,_ZNSt10_HashtableINSt7__cxx1112basic_stringIcSt11char_traitsIcESaIcEEESt4pairIKS5_St6vectorIN9assembler11OperandTypeESaISA_EEESaISD_ENSt8__detail10_Select1stESt8equal_toIS5_ESt4hashIS5_ENSF_18_Mod_range_hashingENSF_20_Default_ranged_hashENSF_20_Prime_rehash_policyENSF_17_Hashtable_traitsILb1ELb0ELb1EEEE22_M_insert_bucket_beginEmPNSF_10_Hash_nodeISD_Lb1EEE
FNDA:0,_ZNSt10_HashtableINSt7__cxx1112basic_stringIcSt11char_traitsIcESaIcEEESt4pairIKS5_St6vectorIN9assembler11OperandTypeESaISA_EEESaISD_ENSt8__detail10_Select1stESt8equal_toIS5_ESt4hashIS5_ENSF_18_Mod_range_hashingENSF_20_Default_ranged_hashENSF_20_Prime_rehash_policyENSF_17_Hashtable_traitsILb1ELb0ELb1EEEE22_M_insert_bucket_beginEmPNSF_10_Hash_nodeISD_Lb1EEE
FN:1733,_ZNSt10_HashtableINSt7__cxx1112basic_stringIcSt11char_traitsIcESaIcEEESt4pairIKS5_iESaIS8_ENSt8__detail10_Select1stESt8equal_toIS5_ESt4hashIS5_ENSA_18_Mod_range_hashingENSA_20_Default_ranged_hashENSA_20_Prime_rehash_policyENSA_17_Hashtable_traitsILb1ELb0ELb1EEEE21_M_insert_unique_nodeEmmPNSA_10_Hash_nodeIS8_Lb1EEEm
FNDA:0,_ZNSt10_HashtableINSt7__cxx1112basic_stringIcSt11char_traitsIcESaIcEEESt4pairIKS5_iESaIS8_ENSt8__detail10_Select1stESt8equal_toIS5_ESt4hashIS5_ENSA_18_Mod_range_hashingENSA_20_Default_ranged_hashENSA_20_Prime_rehash_policyENSA_17_Hashtable_traitsILb1ELb0ELb1EEEE21_M_insert_unique_nodeEmmPNSA_10_Hash_nodeIS8_Lb1EEEm
FN:1733,_ZNSt10_HashtableINSt7__cxx1112basic_stringIcSt11char_traitsIcESaIcEEESt4pairIKS5_St6vectorIN9assembler11OperandTypeESaISA_EEESaISD_ENSt8__detail10_Select1stESt8equal_toIS5_ESt4hashIS5_ENSF_18_Mod_range_hashingENSF_20_Default_ranged_hashENSF_20_Prime_rehash_policyENSF_17_Hashtable_traitsILb1ELb0ELb1EEEE21_M_insert_unique_nodeEmmPNSF_10_Hash_nodeISD_Lb1EEEm
FNDA:0,_ZNSt10_HashtableINSt7__cxx1112basic_stringIcSt11char_traitsIcESaIcEEESt4pairIKS5_St6vectorIN9assembler11OperandTypeESaISA_EEESaISD_ENSt8__detail10_Select1stESt8equal_toIS5_ESt4hashIS5_ENSF_18_Mod_range_hashingENSF_20_Default_ranged_hashENSF_20_Prime_rehash_policyENSF_17_Hashtable_traitsILb1ELb0ELb1EEEE21_M_insert_unique_nodeEmmPNSF_10_Hash_nodeISD_Lb1EEEm
FN:1733,_ZNSt10_HashtableINSt7__cxx1112basic_stringIcSt11char_traitsIcESaIcEEESt4pairIKS5_St5arrayIiLm4EEESaISA_ENSt8__detail10_Select1stESt8equal_toIS5_ESt4hashIS5_ENSC_18_Mod_range_hashingENSC_20_Default_ranged_hashENSC_20_Prime_rehash_policyENSC_17_Hashtable_traitsILb1ELb0ELb1EEEE21_M_insert_unique_nodeEmmPNSC_10_Hash_nodeISA_Lb1EEEm
FNDA:0,_ZNSt10_HashtableINSt7__cxx1112basic_stringIcSt11char_traitsIcESaIcEEESt4pairIKS5_St5arrayIiLm4EEESaISA_ENSt8__detail10_Select1stESt8equal_toIS5_ESt4hashIS5_ENSC_18_Mod_range_hashingENSC_20_Default_ranged_hashENSC_20_Prime_rehash_policyENSC_17_Hashtable_traitsILb1ELb0ELb1EEEE21_M_insert_unique_nodeEmmPNSC_10_Hash_nodeISA_Lb1EEEm
FN:1838,_ZNSt10_HashtableINSt7__cxx1112basic_stringIcSt11char_traitsIcESaIcEEESt4pairIKS5_iESaIS8_ENSt8__detail10_Select1stESt8equal_toIS5_ESt4hashIS5_ENSA_18_Mod_range_hashingENSA_20_Default_ranged_hashENSA_20_Prime_rehash_policyENSA_17_Hashtable_traitsILb1ELb0ELb1EEEE9_M_insertIRKS8_NSA_10_AllocNodeISaINSA_10_Hash_nodeIS8_Lb1EEEEEEEES6_INSA_14_Node_iteratorIS8_Lb0ELb1EEEbEOT_RKT0_St17integral_constantIbLb1EEm
FNDA:0,_ZNSt10_HashtableINSt7__cxx1112basic_stringIcSt11char_traitsIcESaIcEEESt4pairIKS5_iESaIS8_ENSt8__detail10_Select1stESt8equal_toIS5_ESt4hashIS5_ENSA_18_Mod_range_hashingENSA_20_Default_ranged_hashENSA_20_Prime_rehash_policyENSA_17_Hashtable_traitsILb1ELb0ELb1EEEE9_M_insertIRKS8_NSA_10_AllocNodeISaINSA_10_Hash_nodeIS8_Lb1EEEEEEEES6_INSA_14_Node_iteratorIS8_Lb0ELb1EEEbEOT_RKT0_St17integral_constantIbLb1EEm
FN:1838,_ZNSt10_HashtableINSt7__cxx1112basic_stringIcSt11char_traitsIcESaIcEEESt4pairIKS5_St6vectorIN9assembler11OperandTypeESaISA_EEESaISD_ENSt8__detail10_Select1stESt8equal_toIS5_ESt4hashIS5_ENSF_18_Mod_range_hashingENSF_20_Default_ranged_hashENSF_20_Prime_rehash_policyENSF_17_Hashtable_traitsILb1ELb0ELb1EEEE9_M_insertIRKSD_NSF_10_AllocNodeISaINSF_10_Hash_nodeISD_Lb1EEEEEEEES6_INSF_14_Node_iteratorISD_Lb0ELb1EEEbEOT_RKT0_St17integral_constantIbLb1EEm
FNDA:0,_ZNSt10_HashtableINSt7__cxx1112basic_stringIcSt11char_traitsIcESaIcEEESt4pairIKS5_St6vectorIN9assembler11OperandTypeESaISA_EEESaISD_ENSt8__detail10_Select1stESt8equal_toIS5_ESt4hashIS5_ENSF_18_Mod_range_hashingENSF_20_Default_ranged_hashENSF_20_Prime_rehash_policyENSF_17_Hashtable_traitsILb1ELb0ELb1EEEE9_M_insertIRKSD_NSF_10_AllocNodeISaINSF_10_Hash_nodeISD_Lb1EEEEEEEES6_INSF_14_Node_iteratorISD_Lb0ELb1EEEbEOT_RKT0_St17integral_constantIbLb1EEm
FN:1838,_ZNSt10_HashtableINSt7__cxx1112basic_stringIcSt11char_traitsIcESaIcEEESt4pairIKS5_St5arrayIiLm4EEESaISA_ENSt8__detail10_Select1stESt8equal_toIS5_ESt4hashIS5_ENSC_18_Mod_range_hashingENSC_20_Default_ranged_hashENSC_20_Prime_rehash_policyENSC_17_Hashtable_traitsILb1ELb0ELb1EEEE9_M_insertIRKSA_NSC_10_AllocNodeISaINSC_10_Hash_nodeISA_Lb1EEEEEEEES6_INSC_14_Node_iteratorISA_Lb0ELb1EEEbEOT_RKT0_St17integral_constantIbLb1EEm
FNDA:0,_ZNSt10_HashtableINSt7__cxx1112basic_stringIcSt11char_traitsIcESaIcEEESt4pairIKS5_St5arrayIiLm4EEESaISA_ENSt8__detail10_Select1stESt8equal_toIS5_ESt4hashIS5_ENSC_18_Mod_range_hashingENSC_20_Default_ranged_hashENSC_20_Prime_rehash_policyENSC_17_Hashtable_traitsILb1ELb0ELb1EEEE9_M_insertIRKSA_NSC_10_AllocNodeISaINSC_10_Hash_nodeISA_Lb1EEEEEEEES6_INSC_14_Node_iteratorISA_Lb0ELb1EEEbEOT_RKT0_St17integral_constantIbLb1EEm
FN:2059,_ZNSt10_HashtableINSt7__cxx1112basic_stringIcSt11char_traitsIcESaIcEEESt4pairIKS5_St5arrayIiLm4EEESaISA_ENSt8__detail10_Select1stESt8equal_toIS5_ESt4hashIS5_ENSC_18_Mod_range_hashingENSC_20_Default_ranged_hashENSC_20_Prime_rehash_policyENSC_17_Hashtable_traitsILb1ELb0ELb1EEEE5clearEv
FNDA:0,_ZNSt10_HashtableINSt7__cxx1112basic_stringIcSt11char_traitsIcESaIcEEESt4pairIKS5_St5arrayIiLm4EEESaISA_ENSt8__detail10_Select1stESt8equal_toIS5_ESt4hashIS5_ENSC_18_Mod_range_hashingENSC_20_Default_ranged_hashENSC_20_Prime_rehash_policyENSC_17_Hashtable_traitsILb1ELb0ELb1EEEE5clearEv
FN:2059,_ZNSt10_HashtableINSt7__cxx1112basic_stringIcSt11char_traitsIcESaIcEEESt4pairIKS5_iESaIS8_ENSt8__detail10_Select1stESt8equal_toIS5_ESt4hashIS5_ENSA_18_Mod_range_hashingENSA_20_Default_ranged_hashENSA_20_Prime_rehash_policyENSA_17_Hashtable_traitsILb1ELb0ELb1EEEE5clearEv
FNDA:0,_ZNSt10_HashtableINSt7__cxx1112basic_stringIcSt11char_traitsIcESaIcEEESt4pairIKS5_iESaIS8_ENSt8__detail10_Select1stESt8equal_toIS5_ESt4hashIS5_ENSA_18_Mod_range_hashingENSA_20_Default_ranged_hashENSA_20_Prime_rehash_policyENSA_17_Hashtable_traitsILb1ELb0ELb1EEEE5clearEv
FN:2059,_ZNSt10_HashtableINSt7__cxx1112basic_stringIcSt11char_traitsIcESaIcEEESt4pairIKS5_St6vectorIN9assembler11OperandTypeESaISA_EEESaISD_ENSt8__detail10_Select1stESt8equal_toIS5_ESt4hashIS5_ENSF_18_Mod_range_hashingENSF_20_Default_ranged_hashENSF_20_Prime_rehash_policyENSF_17_Hashtable_traitsILb1ELb0ELb1EEEE5clearEv
FNDA:0,_ZNSt10_HashtableINSt7__cxx1112basic_stringIcSt11char_traitsIcESaIcEEESt4pairIKS5_St6vectorIN9assembler11OperandTypeESaISA_EEESaISD_ENSt8__detail10_Select1stESt8equal_toIS5_ESt4hashIS5_ENSF_18_Mod_range_hashingENSF_20_Default_ranged_hashENSF_20_Prime_rehash_policyENSF_17_Hashtable_traitsILb1ELb0ELb1EEEE5clearEv
FN:2096,_ZNSt10_HashtableINSt7__cxx1112basic_stringIcSt11char_traitsIcESaIcEEESt4pairIKS5_St5arrayIiLm4EEESaISA_ENSt8__detail10_Select1stESt8equal_toIS5_ESt4hashIS5_ENSC_18_Mod_range_hashingENSC_20_Default_ranged_hashENSC_20_Prime_rehash_policyENSC_17_Hashtable_traitsILb1ELb0ELb1EEEE9_M_rehashEmRKm
FNDA:0,_ZNSt10_HashtableINSt7__cxx1112basic_stringIcSt11char_traitsIcESaIcEEESt4pairIKS5_St5arrayIiLm4EEESaISA_ENSt8__detail10_Select1stESt8equal_toIS5_ESt4hashIS5_ENSC_18_Mod_range_hashingENSC_20_Default_ranged_hashENSC_20_Prime_rehash_policyENSC_17_Hashtable_traitsILb1ELb0ELb1EEEE9_M_rehashEmRKm
FN:2096,_ZNSt10_HashtableINSt7__cxx1112basic_stringIcSt11char_traitsIcESaIcEEESt4pairIKS5_St6vectorIN9assembler11OperandTypeESaISA_EEESaISD_ENSt8__detail10_Select1stESt8equal_toIS5_ESt4hashIS5_ENSF_18_Mod_range_hashingENSF_20_Default_ranged_hashENSF_20_Prime_rehash_policyENSF_17_Hashtable_traitsILb1ELb0ELb1EEEE9_M_rehashEmRKm
FNDA:0,_ZNSt10_HashtableINSt7__cxx1112basic_stringIcSt11char_traitsIcESaIcEEESt4pairIKS5_St6vectorIN9assembler11OperandTypeESaISA_EEESaISD_ENSt8__detail10_Select1stESt8equal_toIS5_ESt4hashIS5_ENSF_18_Mod_range_hashingENSF_20_Default_ranged_hashENSF_20_Prime_rehash_policyENSF_17_Hashtable_traitsILb1ELb0ELb1EEEE9_M_rehashEmRKm
FN:2096,_ZNSt10_HashtableINSt7__cxx1112basic_stringIcSt11char_traitsIcESaIcEEESt4pairIKS5_iESaIS8_ENSt8__detail10_Select1stESt8equal_toIS5_ESt4hashIS5_ENSA_18_Mod_range_hashingENSA_20_Default_ranged_hashENSA_20_Prime_rehash_policyENSA_17_Hashtable_traitsILb1ELb0ELb1EEEE9_M_rehashEmRKm
FNDA:0,_ZNSt10_HashtableINSt7__cxx1112basic_stringIcSt11char_traitsIcESaIcEEESt4pairIKS5_iESaIS8_ENSt8__detail10_Select1stESt8equal_toIS5_ESt4hashIS5_ENSA_18_Mod_range_hashingENSA_20_Default_ranged_hashENSA_20_Prime_rehash_policyENSA_17_Hashtable_traitsILb1ELb0ELb1EEEE9_M_rehashEmRKm
FN:2119,_ZNSt10_HashtableINSt7__cxx1112basic_stringIcSt11char_traitsIcESaIcEEESt4pairIKS5_iESaIS8_ENSt8__detail10_Select1stESt8equal_toIS5_ESt4hashIS5_ENSA_18_Mod_range_hashingENSA_20_Default_ranged_hashENSA_20_Prime_rehash_policyENSA_17_Hashtable_traitsILb1ELb0ELb1EEEE13_M_rehash_auxEmSt17integral_constantIbLb1EE
FNDA:0,_ZNSt10_HashtableINSt7__cxx1112basic_stringIcSt11char_traitsIcESaIcEEESt4pairIKS5_iESaIS8_ENSt8__detail10_Select1stESt8equal_toIS5_ESt4hashIS5_ENSA_18_Mod_range_hashingENSA_20_Default_ranged_hashENSA_20_Prime_rehash_policyENSA_17_Hashtable_traitsILb1ELb0ELb1EEEE13_M_rehash_auxEmSt17integral_constantIbLb1EE
FN:2119,_ZNSt10_HashtableINSt7__cxx1112basic_stringIcSt11char_traitsIcESaIcEEESt4pairIKS5_St6vectorIN9assembler11OperandTypeESaISA_EEESaISD_ENSt8__detail10_Select1stESt8equal_toIS5_ESt4hashIS5_ENSF_18_Mod_range_hashingENSF_20_Default_ranged_hashENSF_20_Prime_rehash_policyENSF_17_Hashtable_traitsILb1ELb0ELb1EEEE13_M_rehash_auxEmSt17integral_constantIbLb1EE
FNDA:0,_ZNSt10_HashtableINSt7__cxx1112basic_stringIcSt11char_traitsIcESaIcEEESt4pairIKS5_St6vectorIN9assembler11OperandTypeESaISA_EEESaISD_ENSt8__detail10_Select1stESt8equal_toIS5_ESt4hashIS5_ENSF_18_Mod_range_hashingENSF_20_Default_ranged_hashENSF_20_Prime_rehash_policyENSF_17_Hashtable_traitsILb1ELb0ELb1EEEE13_M_rehash_auxEmSt17integral_constantIbLb1EE
FN:2119,_ZNSt10_HashtableINSt7__cxx1112basic_stringIcSt11char_traitsIcESaIcEEESt4pairIKS5_St5arrayIiLm4EEESaISA_ENSt8__detail10_Select1stESt8equal_toIS5_ESt4hashIS5_ENSC_18_Mod_range_hashingENSC_20_Default_ranged_hashENSC_20_Prime_rehash_policyENSC_17_Hashtable_traitsILb1ELb0ELb1EEEE13_M_rehash_auxEmSt17integral_constantIbLb1EE
FNDA:0,_ZNSt10_HashtableINSt7__cxx1112basic_stringIcSt11char_traitsIcESaIcEEESt4pairIKS5_St5arrayIiLm4EEESaISA_ENSt8__detail10_Select1stESt8equal_toIS5_ESt4hashIS5_ENSC_18_Mod_range_hashingENSC_20_Default_ranged_hashENSC_20_Prime_rehash_policyENSC_17_Hashtable_traitsILb1ELb0ELb1EEEE13_M_rehash_auxEmSt17integral_constantIbLb1EE
DA:342,0
DA:343,0
DA:342,0
DA:343,0
DA:342,0
DA:343,0
DA:353,0
DA:355,0
DA:357,0
DA:358,0
DA:361,0
DA:353,0
DA:355,0
DA:357,0
DA:358,0
DA:361,0
DA:353,0
DA:355,0
DA:357,0
DA:358,0
DA:361,0
DA:365,0
DA:367,0
DA:368,0
DA:370,0
DA:365,0
DA:367,0
DA:368,0
DA:370,0
DA:365,0
DA:367,0
DA:368,0
DA:370,0
DA:374,0
DA:375,0
DA:374,0
DA:375,0
DA:374,0
DA:375,0
DA:383,0
DA:384,0
DA:383,0
DA:384,0
DA:383,0
DA:384,0
DA:405,0
DA:409,0
DA:410,0
DA:405,0
DA:409,0
DA:410,0
DA:405,0
DA:409,0
DA:410,0
DA:492,0
DA:498,0
DA:499,0
DA:492,0
DA:498,0
DA:499,0
DA:492,0
DA:498,0
DA:499,0
DA:548,26
DA:549,26
DA:671,0
DA:672,0
DA:671,0
DA:672,0
DA:671,0
DA:672,0
DA:675,0
DA:676,0
DA:675,0
DA:676,0
DA:675,0
DA:676,0
DA:684,0
DA:687,0
DA:688,0
DA:689,0
DA:690,0
DA:684,0
DA:687,0
DA:688,0
DA:689,0
DA:690,0
DA:684,0
DA:687,0
DA:688,0
DA:689,0
DA:690,0
DA:1004,0
DA:1011,0
DA:1013,0
DA:1014,0
DA:1016,0
DA:1019,0
DA:1021,0
DA:1022,0
DA:1025,0
DA:1026,0
DA:1027,0
DA:1004,0
DA:1011,0
DA:1013,0
DA:1014,0
DA:1016,0
DA:1019,0
DA:1021,0
DA:1022,0
DA:1025,0
DA:1026,0
DA:1027,0
DA:1004,0
DA:1011,0
DA:1013,0
DA:1014,0
DA:1016,0
DA:1019,0
DA:1021,0
DA:1022,0
DA:1025,0
DA:1026,0
DA:1027,0
DA:1383,0
DA:1387,0
DA:1388,0
DA:1389,0
DA:1383,0
DA:1387,0
DA:1388,0
DA:1389,0
DA:1383,0
DA:1387,0
DA:1388,0
DA:1389,0
DA:1463,24
DA:1468,24
DA:1469,24
DA:1470,24
DA:1471,24
DA:1567,0
DA:1573,0
DA:1574,0
DA:1575,0
DA:1577,0
DA:1578,0
DA:1580,0
DA:1581,0
DA:1583,0
DA:1584,0
DA:1585,0
DA:1587,0
DA:1567,0
DA:1573,0
DA:1574,0
DA:1575,0
DA:1577,0
DA:1578,0
DA:1580,0
DA:1581,0
DA:1583,0
DA:1584,0
DA:1585,0
DA:1587,0
DA:1567,0
DA:1573,0
DA:1574,0
DA:1575,0
DA:1577,0
DA:1578,0
DA:1580,0
DA:1581,0
DA:1583,0
DA:1584,0
DA:1585,0
DA:1587,0
DA:1595,0
DA:1599,0
DA:1603,0
DA:1604,0
DA:1611,0
DA:1612,0
DA:1613,0
DA:1616,0
DA:1617,0
DA:1619,0
DA:1595,0
DA:1599,0
DA:1603,0
DA:1604,0
DA:1611,0
DA:1612,0
DA:1613,0
DA:1616,0
DA:1617,0
DA:1619,0
DA:1595,0
DA:1599,0
DA:1603,0
DA:1604,0
DA:1611,0
DA:1612,0
DA:1613,0
DA:1616,0
DA:1617,0
DA:1619,0
DA:1733,0
DA:1739,0
DA:1740,0
DA:1746,0
DA:1748,0
DA:1749,0
DA:1752,0
DA:1755,0
DA:1756,0
DA:1757,0
DA:1759,0
DA:1761,0
DA:1762,0
DA:1733,0
DA:1739,0
DA:1740,0
DA:1746,0
DA:1748,0
DA:1749,0
DA:1752,0
DA:1755,0
DA:1756,0
DA:1757,0
DA:1759,0
DA:1761,0
DA:1762,0
DA:1733,0
DA:1739,0
DA:1740,0
DA:1746,0
DA:1748,0
DA:1749,0
DA:1752,0
DA:1755,0
DA:1756,0
DA:1757,0
DA:1759,0
DA:1761,0
DA:1762,0
DA:1838,0
DA:1844,0
DA:1845,0
DA:1846,0
DA:1848,0
DA:1849,0
DA:1850,0
DA:1852,0
DA:1853,0
DA:1838,0
DA:1844,0
DA:1845,0
DA:1846,0
DA:1848,0
DA:1849,0
DA:1850,0
DA:1852,0
DA:1853,0
DA:1838,0
DA:1844,0
DA:1845,0
DA:1846,0
DA:1848,0
DA:1849,0
DA:1850,0
DA:1852,0
DA:1853,0
DA:2059,0
DA:2063,0
DA:2064,0
DA:2065,0
DA:2066,0
DA:2067,0
DA:2059,0
DA:2063,0
DA:2064,0
DA:2065,0
DA:2066,0
DA:2067,0
DA:2059,0
DA:2063,0
DA:2064,0
DA:2065,0
DA:2066,0
DA:2067,0
DA:2096,0
DA:2102,0
DA:2104,0
DA:2108,0
DA:2109,0
DA:2111,0
DA:2096,0
DA:2102,0
DA:2104,0
DA:2108,0
DA:2109,0
DA:2111,0
DA:2096,0
DA:2102,0
DA:2104,0
DA:2108,0
DA:2109,0
DA:2111,0
DA:2119,0
DA:2123,0
DA:2124,0
DA:2125,0
DA:2126,0
DA:2127,0
DA:2129,0
DA:2130,0
DA:2131,0
DA:2133,0
DA:2134,0
DA:2135,0
DA:2136,0
DA:2137,0
DA:2138,0
DA:2142,0
DA:2143,0
DA:2145,0
DA:2148,0
DA:2149,0
DA:2150,0
DA:2151,0
DA:2119,0
DA:2123,0
DA:2124,0
DA:2125,0
DA:2126,0
DA:2127,0
DA:2129,0
DA:2130,0
DA:2131,0
DA:2133,0
DA:2134,0
DA:2135,0
DA:2136,0
DA:2137,0
DA:2138,0
DA:2142,0
DA:2143,0
DA:2145,0
DA:2148,0
DA:2149,0
DA:2150,0
DA:2151,0
DA:2119,0
DA:2123,0
DA:2124,0
DA:2125,0
DA:2126,0
DA:2127,0
DA:2129,0
DA:2130,0
DA:2131,0
DA:2133,0
DA:2134,0
DA:2135,0
DA:2136,0
DA:2137,0
DA:2138,0
DA:2142,0
DA:2143,0
DA:2145,0
DA:2148,0
DA:2149,0
DA:2150,0
DA:2151,0
end_of_record
SF:/usr/include/c++/9/bits/alloc_traits.h
FN:442,_ZNSt16allocator_traitsISaINSt8__detail10_Hash_nodeISt4pairIKNSt7__cxx1112basic_stringIcSt11char_traitsIcESaIcEEESt5arrayIiLm4EEELb1EEEEE8allocateERSE_m
FNDA:0,_ZNSt16allocator_traitsISaINSt8__detail10_Hash_nodeISt4pairIKNSt7__cxx1112basic_stringIcSt11char_traitsIcESaIcEEESt5arrayIiLm4EEELb1EEEEE8allocateERSE_m
FN:442,_ZNSt16allocator_traitsISaINSt8__detail10_Hash_nodeISt4pairIKNSt7__cxx1112basic_stringIcSt11char_traitsIcESaIcEEESt6vectorIN9assembler11OperandTypeESaISC_EEELb1EEEEE8allocateERSH_m
FNDA:0,_ZNSt16allocator_traitsISaINSt8__detail10_Hash_nodeISt4pairIKNSt7__cxx1112basic_stringIcSt11char_traitsIcESaIcEEESt6vectorIN9assembler11OperandTypeESaISC_EEELb1EEEEE8allocateERSH_m
FN:442,_ZNSt16allocator_traitsISaINSt8__detail10_Hash_nodeISt4pairIKNSt7__cxx1112basic_stringIcSt11char_traitsIcESaIcEEEiELb1EEEEE8allocateERSC_m
FNDA:0,_ZNSt16allocator_traitsISaINSt8__detail10_Hash_nodeISt4pairIKNSt7__cxx1112basic_stringIcSt11char_traitsIcESaIcEEEiELb1EEEEE8allocateERSC_m
FN:442,_ZNSt16allocator_traitsISaIiEE8allocateERS0_m
FNDA:19,_ZNSt16allocator_traitsISaIiEE8allocateERS0_m
FN:442,_ZNSt16allocator_traitsISaINSt7__cxx1112basic_stringIcSt11char_traitsIcESaIcEEEEE8allocateERS6_m
FNDA:1306,_ZNSt16allocator_traitsISaINSt7__cxx1112basic_stringIcSt11char_traitsIcESaIcEEEEE8allocateERS6_m
FN:442,_ZNSt16allocator_traitsISaIN9assembler11OperandTypeEEE8allocateERS2_m
FNDA:0,_ZNSt16allocator_traitsISaIN9assembler11OperandTypeEEE8allocateERS2_m
FN:442,_ZNSt16allocator_traitsISaIPNSt8__detail15_Hash_node_baseEEE8allocateERS3_m
FNDA:0,_ZNSt16allocator_traitsISaIPNSt8__detail15_Hash_node_baseEEE8allocateERS3_m
FN:468,_ZNSt16allocator_traitsISaIN9assembler11OperandTypeEEE10deallocateERS2_PS1_m
FNDA:0,_ZNSt16allocator_traitsISaIN9assembler11OperandTypeEEE10deallocateERS2_PS1_m
FN:468,_ZNSt16allocator_traitsISaINSt7__cxx1112basic_stringIcSt11char_traitsIcESaIcEEEEE10deallocateERS6_PS5_m
FNDA:1306,_ZNSt16allocator_traitsISaINSt7__cxx1112basic_stringIcSt11char_traitsIcESaIcEEEEE10deallocateERS6_PS5_m
FN:468,_ZNSt16allocator_traitsISaIiEE10deallocateERS0_Pim
FNDA:19,_ZNSt16allocator_traitsISaIiEE10deallocateERS0_Pim
FN:468,_ZNSt16allocator_traitsISaIPNSt8__detail15_Hash_node_baseEEE10deallocateERS3_PS2_m
FNDA:0,_ZNSt16allocator_traitsISaIPNSt8__detail15_Hash_node_baseEEE10deallocateERS3_PS2_m
FN:468,_ZNSt16allocator_traitsISaINSt8__detail10_Hash_nodeISt4pairIKNSt7__cxx1112basic_stringIcSt11char_traitsIcESaIcEEEiELb1EEEEE10deallocateERSC_PSB_m
FNDA:0,_ZNSt16allocator_traitsISaINSt8__detail10_Hash_nodeISt4pairIKNSt7__cxx1112basic_stringIcSt11char_traitsIcESaIcEEEiELb1EEEEE10deallocateERSC_PSB_m
FN:468,_ZNSt16allocator_traitsISaINSt8__detail10_Hash_nodeISt4pairIKNSt7__cxx1112basic_stringIcSt11char_traitsIcESaIcEEESt6vectorIN9assembler11OperandTypeESaISC_EEELb1EEEEE10deallocateERSH_PSG_m
FNDA:0,_ZNSt16allocator_traitsISaINSt8__detail10_Hash_nodeISt4pairIKNSt7__cxx1112basic_stringIcSt11char_traitsIcESaIcEEESt6vectorIN9assembler11OperandTypeESaISC_EEELb1EEEEE10deallocateERSH_PSG_m
FN:468,_ZNSt16allocator_traitsISaINSt8__detail10_Hash_nodeISt4pairIKNSt7__cxx1112basic_stringIcSt11char_traitsIcESaIcEEESt5arrayIiLm4EEELb1EEEEE10deallocateERSE_PSD_m
FNDA:0,_ZNSt16allocator_traitsISaINSt8__detail10_Hash_nodeISt4pairIKNSt7__cxx1112basic_stringIcSt11char_traitsIcESaIcEEESt5arrayIiLm4EEELb1EEEEE10deallocateERSE_PSD_m
FN:481,_ZNSt16allocator_traitsISaINSt8__detail10_Hash_nodeISt4pairIKNSt7__cxx1112basic_stringIcSt11char_traitsIcESaIcEEESt5arrayIiLm4EEELb1EEEEE9constructISC_JRKSC_EEEvRSE_PT_DpOT0_
FNDA:0,_ZNSt16allocator_traitsISaINSt8__detail10_Hash_nodeISt4pairIKNSt7__cxx1112basic_stringIcSt11char_traitsIcESaIcEEESt5arrayIiLm4EEELb1EEEEE9constructISC_JRKSC_EEEvRSE_PT_DpOT0_
FN:481,_ZNSt16allocator_traitsISaINSt7__cxx1112basic_stringIcSt11char_traitsIcESaIcEEEEE9constructIS5_JS5_EEEvRS6_PT_DpOT0_
FNDA:158,_ZNSt16allocator_traitsISaINSt7__cxx1112basic_stringIcSt11char_traitsIcESaIcEEEEE9constructIS5_JS5_EEEvRS6_PT_DpOT0_
FN:481,_ZNSt16allocator_traitsISaINSt8__detail10_Hash_nodeISt4pairIKNSt7__cxx1112basic_stringIcSt11char_traitsIcESaIcEEESt6vectorIN9assembler11OperandTypeESaISC_EEELb1EEEEE9constructISF_JRKSF_EEEvRSH_PT_DpOT0_
[...]
DA:1574,102
DA:1575,24
DA:1577,78
DA:1578,46
DA:1580,124
DA:1581,64
DA:1583,60
DA:1584,14
DA:1585,46
DA:1587,14
DA:1567,108
DA:1573,108
DA:1574,108
DA:1575,24
DA:1577,84
DA:1578,50
DA:1580,134
DA:1581,70
DA:1583,64
DA:1584,14
DA:1585,50
DA:1587,14
DA:1567,78
DA:1573,78
DA:1574,78
DA:1575,25
DA:1577,53
DA:1578,28
DA:1580,81
DA:1581,38
DA:1583,43
DA:1584,15
DA:1585,28
DA:1587,15
DA:1595,38
DA:1599,38
DA:1603,14
DA:1604,14
DA:1611,24
DA:1612,24
DA:1613,24
DA:1616,22
DA:1617,24
DA:1619,38
DA:1595,38
DA:1599,38
DA:1603,14
DA:1604,14
DA:1611,24
DA:1612,24
DA:1613,24
DA:1616,22
DA:1617,24
DA:1619,38
DA:1595,38
DA:1599,38
DA:1603,14
DA:1604,14
DA:1611,24
DA:1612,24
DA:1613,24
DA:1616,22
DA:1617,24
DA:1619,38
DA:1733,38
DA:1739,38
DA:1740,38
DA:1746,38
DA:1748,0
DA:1749,0
DA:1752,38
DA:1755,38
DA:1756,38
DA:1757,38
DA:1759,0
DA:1761,0
DA:1762,0
DA:1733,38
DA:1739,38
DA:1740,38
DA:1746,38
DA:1748,0
DA:1749,0
DA:1752,38
DA:1755,38
DA:1756,38
DA:1757,38
DA:1759,0
DA:1761,0
DA:1762,0
DA:1733,38
DA:1739,38
DA:1740,38
DA:1746,38
DA:1748,0
DA:1749,0
DA:1752,38
DA:1755,38
DA:1756,38
DA:1757,38
DA:1759,0
DA:1761,0
DA:1762,0
DA:1838,38
DA:1844,38
DA:1845,38
DA:1846,38
DA:1848,38
DA:1849,38
DA:1850,0
DA:1852,38
DA:1853,38
DA:1838,38
DA:1844,38
DA:1845,38
DA:1846,38
DA:1848,38
DA:1849,38
DA:1850,0
DA:1852,38
DA:1853,38
DA:1838,38
DA:1844,38
DA:1845,38
DA:1846,38
DA:1848,38
DA:1849,38
DA:1850,0
DA:1852,38
DA:1853,38
DA:2059,2
DA:2063,2
DA:2064,2
DA:2065,2
DA:2066,2
DA:2067,2
DA:2059,2
DA:2063,2
DA:2064,2
DA:2065,2
DA:2066,2
DA:2067,2
DA:2059,2
DA:2063,2
DA:2064,2
DA:2065,2
DA:2066,2
DA:2067,2
DA:2096,0
DA:2102,0
DA:2104,0
DA:2108,0
DA:2109,0
DA:2111,0
DA:2096,0
DA:2102,0
DA:2104,0
DA:2108,0
DA:2109,0
DA:2111,0
DA:2096,0
DA:2102,0
DA:2104,0
DA:2108,0
DA:2109,0
DA:2111,0
DA:2119,0
DA:2123,0
DA:2124,0
DA:2125,0
DA:2126,0
DA:2127,0
DA:2129,0
DA:2130,0
DA:2131,0
DA:2133,0
DA:2134,0
DA:2135,0
DA:2136,0
DA:2137,0
DA:2138,0
DA:2142,0
DA:2143,0
DA:2145,0
DA:2148,0
DA:2149,0
DA:2150,0
DA:2151,0
DA:2119,0
DA:2123,0
DA:2124,0
DA:2125,0
DA:2126,0
DA:2127,0
DA:2129,0
DA:2130,0
DA:2131,0
DA:2133,0
DA:2134,0
DA:2135,0
DA:2136,0
DA:2137,0
DA:2138,0
DA:2142,0
DA:2143,0
DA:2145,0
DA:2148,0
DA:2149,0
DA:2150,0
DA:2151,0
DA:2119,0
DA:2123,0
DA:2124,0
DA:2125,0
DA:2126,0
DA:2127,0
DA:2129,0
DA:2130,0
DA:2131,0
DA:2133,0
DA:2134,0
DA:2135,0
DA:2136,0
DA:2137,0
DA:2138,0
DA:2142,0
DA:2143,0
DA:2145,0
DA:2148,0
DA:2149,0
DA:2150,0
DA:2151,0
end_of_record
SF:/usr/include/c++/9/bits/stl_iterator_base_types.h
FN:205,_ZSt19__iterator_categoryIPcENSt15iterator_traitsIT_E17iterator_categoryERKS2_
FNDA:0,_ZSt19__iterator_categoryIPcENSt15iterator_traitsIT_E17iterator_categoryERKS2_
FN:205,_ZSt19__iterator_categoryIPKcENSt15iterator_traitsIT_E17iterator_categoryERKS3_
FNDA:0,_ZSt19__iterator_categoryIPKcENSt15iterator_traitsIT_E17iterator_categoryERKS3_
FN:205,_ZSt19__iterator_categoryIPKSt4pairIKNSt7__cxx1112basic_stringIcSt11char_traitsIcESaIcEEESt5arrayIiLm4EEEENSt15iterator_traitsIT_E17iterator_categoryERKSE_
FNDA:4,_ZSt19__iterator_categoryIPKSt4pairIKNSt7__cxx1112basic_stringIcSt11char_traitsIcESaIcEEESt5arrayIiLm4EEEENSt15iterator_traitsIT_E17iterator_categoryERKSE_
FN:205,_ZSt19__iterator_categoryIPKSt4pairIKNSt7__cxx1112basic_stringIcSt11char_traitsIcESaIcEEESt6vectorIN9assembler11OperandTypeESaISA_EEEENSt15iterator_traitsIT_E17iterator_categoryERKSH_
FNDA:4,_ZSt19__iterator_categoryIPKSt4pairIKNSt7__cxx1112basic_stringIcSt11char_traitsIcESaIcEEESt6vectorIN9assembler11OperandTypeESaISA_EEEENSt15iterator_traitsIT_E17iterator_categoryERKSH_
FN:205,_ZSt19__iterator_categoryIPKSt4pairIKNSt7__cxx1112basic_stringIcSt11char_traitsIcESaIcEEEiEENSt15iterator_traitsIT_E17iterator_categoryERKSC_
FNDA:4,_ZSt19__iterator_categoryIPKSt4pairIKNSt7__cxx1112basic_stringIcSt11char_traitsIcESaIcEEEiEENSt15iterator_traitsIT_E17iterator_categoryERKSC_
FN:205,_ZSt19__iterator_categoryIPK4TestENSt15iterator_traitsIT_E17iterator_categoryERKS4_
FNDA:9,_ZSt19__iterator_categoryIPK4TestENSt15iterator_traitsIT_E17iterator_categoryERKS4_
FN:205,_ZSt19__iterator_categoryIPKN9assembler11OperandTypeEENSt15iterator_traitsIT_E17iterator_categoryERKS5_
FNDA:30,_ZSt19__iterator_categoryIPKN9assembler11OperandTypeEENSt15iterator_traitsIT_E17iterator_categoryERKS5_
DA:205,0
DA:206,0
DA:205,0
DA:206,0
DA:205,4
DA:206,4
DA:205,4
DA:206,4
DA:205,4
DA:206,4
DA:205,9
DA:206,9
DA:205,30
DA:206,30
end_of_record
SF:/usr/include/c++/9/initializer_list
FN:71,_ZNKSt16initializer_listISt4pairIKNSt7__cxx1112basic_stringIcSt11char_traitsIcESaIcEEESt5arrayIiLm4EEEE4sizeEv
FNDA:2,_ZNKSt16initializer_listISt4pairIKNSt7__cxx1112basic_stringIcSt11char_traitsIcESaIcEEESt5arrayIiLm4EEEE4sizeEv
FN:71,_ZNKSt16initializer_listISt4pairIKNSt7__cxx1112basic_stringIcSt11char_traitsIcESaIcEEESt6vectorIN9assembler11OperandTypeESaISA_EEEE4sizeEv
FNDA:2,_ZNKSt16initializer_listISt4pairIKNSt7__cxx1112basic_stringIcSt11char_traitsIcESaIcEEESt6vectorIN9assembler11OperandTypeESaISA_EEEE4sizeEv
FN:71,_ZNKSt16initializer_listISt4pairIKNSt7__cxx1112basic_stringIcSt11char_traitsIcESaIcEEEiEE4sizeEv
FNDA:2,_ZNKSt16initializer_listISt4pairIKNSt7__cxx1112basic_stringIcSt11char_traitsIcESaIcEEEiEE4sizeEv
FN:71,_ZNKSt16initializer_listI4TestE4sizeEv
FNDA:9,_ZNKSt16initializer_listI4TestE4sizeEv
FN:71,_ZNKSt16initializer_listIN9assembler11OperandTypeEE4sizeEv
FNDA:30,_ZNKSt16initializer_listIN9assembler11OperandTypeEE4sizeEv
FN:75,_ZNKSt16initializer_listISt4pairIKNSt7__cxx1112basic_stringIcSt11char_traitsIcESaIcEEESt5arrayIiLm4EEEE5beginEv
FNDA:4,_ZNKSt16initializer_listISt4pairIKNSt7__cxx1112basic_stringIcSt11char_traitsIcESaIcEEESt5arrayIiLm4EEEE5beginEv
FN:75,_ZNKSt16initializer_listISt4pairIKNSt7__cxx1112basic_stringIcSt11char_traitsIcESaIcEEESt6vectorIN9assembler11OperandTypeESaISA_EEEE5beginEv
FNDA:4,_ZNKSt16initializer_listISt4pairIKNSt7__cxx1112basic_stringIcSt11char_traitsIcESaIcEEESt6vectorIN9assembler11OperandTypeESaISA_EEEE5beginEv
FN:75,_ZNKSt16initializer_listISt4pairIKNSt7__cxx1112basic_stringIcSt11char_traitsIcESaIcEEEiEE5beginEv
FNDA:4,_ZNKSt16initializer_listISt4pairIKNSt7__cxx1112basic_stringIcSt11char_traitsIcESaIcEEEiEE5beginEv
FN:75,_ZNKSt16initializer_listI4TestE5beginEv
FNDA:18,_ZNKSt16initializer_listI4TestE5beginEv
FN:75,_ZNKSt16initializer_listIN9assembler11OperandTypeEE5beginEv
FNDA:60,_ZNKSt16initializer_listIN9assembler11OperandTypeEE5beginEv
FN:79,_ZNKSt16initializer_listISt4pairIKNSt7__cxx1112basic_stringIcSt11char_traitsIcESaIcEEESt5arrayIiLm4EEEE3endEv
FNDA:2,_ZNKSt16initializer_listISt4pairIKNSt7__cxx1112basic_stringIcSt11char_traitsIcESaIcEEESt5arrayIiLm4EEEE3endEv
FN:79,_ZNKSt16initializer_listISt4pairIKNSt7__cxx1112basic_stringIcSt11char_traitsIcESaIcEEESt6vectorIN9assembler11OperandTypeESaISA_EEEE3endEv
FNDA:2,_ZNKSt16initializer_listISt4pairIKNSt7__cxx1112basic_stringIcSt11char_traitsIcESaIcEEESt6vectorIN9assembler11OperandTypeESaISA_EEEE3endEv
FN:79,_ZNKSt16initializer_listISt4pairIKNSt7__cxx1112basic_stringIcSt11char_traitsIcESaIcEEEiEE3endEv
FNDA:2,_ZNKSt16initializer_listISt4pairIKNSt7__cxx1112basic_stringIcSt11char_traitsIcESaIcEEEiEE3endEv
FN:79,_ZNKSt16initializer_listI4TestE3endEv
FNDA:9,_ZNKSt16initializer_listI4TestE3endEv
FN:79,_ZNKSt16initializer_listIN9assembler11OperandTypeEE3endEv
FNDA:30,_ZNKSt16initializer_listIN9assembler11OperandTypeEE3endEv
DA:71,2
DA:71,2
DA:71,2
DA:71,9
DA:71,30
DA:75,4
DA:75,4
DA:75,4
DA:75,18
DA:75,60
DA:79,2
DA:79,2
DA:79,2
DA:79,9
DA:79,30
end_of_record
SF:/usr/include/c++/9/bits/stl_algobase.h
FN:198,_ZSt3minImERKT_S2_S2_
FNDA:630,_ZSt3minImERKT_S2_S2_
FN:222,_ZSt3maxImERKT_S2_S2_
FNDA:322,_ZSt3maxImERKT_S2_S2_
FN:280,_ZSt12__niter_baseIPKN9assembler11OperandTypeEET_S4_
FNDA:60,_ZSt12__niter_baseIPKN9assembler11OperandTypeEET_S4_
FN:280,_ZSt12__niter_baseIPN9assembler11OperandTypeEET_S3_
FNDA:106,_ZSt12__niter_baseIPN9assembler11OperandTypeEET_S3_
FN:295,_ZSt12__niter_wrapIPN9assembler11OperandTypeEET_RKS3_S3_
FNDA:106,_ZSt12__niter_wrapIPN9assembler11OperandTypeEET_RKS3_S3_
FN:375,_ZNSt11__copy_moveILb0ELb1ESt26random_access_iterator_tagE8__copy_mIN9assembler11OperandTypeEEEPT_PKS5_S8_S6_
FNDA:106,_ZNSt11__copy_moveILb0ELb1ESt26random_access_iterator_tagE8__copy_mIN9assembler11OperandTypeEEEPT_PKS5_S8_S6_
FN:393,_ZSt13__copy_move_aILb0EPKN9assembler11OperandTypeEPS1_ET1_T0_S6_S5_
FNDA:106,_ZSt13__copy_move_aILb0EPKN9assembler11OperandTypeEPS1_ET1_T0_S6_S5_
FN:438,_ZSt14__copy_move_a2ILb0EPKN9assembler11OperandTypeEPS1_ET1_T0_S6_S5_
FNDA:30,_ZSt14__copy_move_a2ILb0EPKN9assembler11OperandTypeEPS1_ET1_T0_S6_S5_
FN:438,_ZSt14__copy_move_a2ILb0EN9__gnu_cxx17__normal_iteratorIPKN9assembler11OperandTypeESt6vectorIS3_SaIS3_EEEEPS3_ET1_T0_SC_SB_
FNDA:76,_ZSt14__copy_move_a2ILb0EN9__gnu_cxx17__normal_iteratorIPKN9assembler11OperandTypeESt6vectorIS3_SaIS3_EEEEPS3_ET1_T0_SC_SB_
FN:465,_ZSt4copyIPKN9assembler11OperandTypeEPS1_ET0_T_S6_S5_
FNDA:30,_ZSt4copyIPKN9assembler11OperandTypeEPS1_ET0_T_S6_S5_
FN:465,_ZSt4copyIN9__gnu_cxx17__normal_iteratorIPKN9assembler11OperandTypeESt6vectorIS3_SaIS3_EEEEPS3_ET0_T_SC_SB_
FNDA:76,_ZSt4copyIN9__gnu_cxx17__normal_iteratorIPKN9assembler11OperandTypeESt6vectorIS3_SaIS3_EEEEPS3_ET0_T_SC_SB_
DA:198,630
DA:203,630
DA:204,0
DA:205,630
DA:222,322
DA:227,322
DA:228,118
DA:229,204
DA:280,60
DA:282,60
DA:280,106
DA:282,106
DA:295,106
DA:296,106
DA:375,106
DA:384,106
DA:385,106
DA:386,90
DA:387,106
DA:393,106
DA:398,106
DA:404,106
DA:438,30
DA:440,30
DA:443,30
DA:438,76
DA:440,76
DA:443,76
DA:465,30
DA:474,30
DA:465,76
DA:474,76
end_of_record
SF:/usr/include/c++/9/bits/stl_construct.h
FN:74,_ZSt10_ConstructI4TestJRKS0_EEvPT_DpOT0_
FNDA:27,_ZSt10_ConstructI4TestJRKS0_EEvPT_DpOT0_
FN:97,_ZSt8_DestroyI4TestEvPT_
FNDA:27,_ZSt8_DestroyI4TestEvPT_
FN:105,_ZNSt12_Destroy_auxILb0EE9__destroyIP4TestEEvT_S4_
FNDA:9,_ZNSt12_Destroy_auxILb0EE9__destroyIP4TestEEvT_S4_
FN:117,_ZNSt12_Destroy_auxILb1EE9__destroyIPN9assembler11OperandTypeEEEvT_S5_
FNDA:114,_ZNSt12_Destroy_auxILb1EE9__destroyIPN9assembler11OperandTypeEEEvT_S5_
FN:127,_ZSt8_DestroyIP4TestEvT_S2_
FNDA:9,_ZSt8_DestroyIP4TestEvT_S2_
FN:127,_ZSt8_DestroyIPN9assembler11OperandTypeEEvT_S3_
FNDA:114,_ZSt8_DestroyIPN9assembler11OperandTypeEEvT_S3_
FN:203,_ZSt8_DestroyIP4TestS0_EvT_S2_RSaIT0_E
FNDA:9,_ZSt8_DestroyIP4TestS0_EvT_S2_RSaIT0_E
FN:203,_ZSt8_DestroyIPN9assembler11OperandTypeES1_EvT_S3_RSaIT0_E
FNDA:114,_ZSt8_DestroyIPN9assembler11OperandTypeES1_EvT_S3_RSaIT0_E
DA:74,27
DA:75,27
DA:97,27
DA:98,27
DA:105,36
DA:107,36
DA:108,27
DA:109,9
DA:117,114
DA:127,9
DA:137,9
DA:138,9
DA:127,114
DA:137,114
DA:138,114
DA:203,9
DA:206,9
DA:207,9
DA:203,114
DA:206,114
DA:207,114
end_of_record
SF:/usr/local/include/catch2/internal/catch_decomposer.hpp
FN:41,_ZN5Catch20ITransientExpressionC2Ebb
FNDA:41,_ZN5Catch20ITransientExpressionC2Ebb
FN:70,_ZNK5Catch10BinaryExprIRKNSt7__cxx1112basic_stringIcSt11char_traitsIcESaIcEEERS6_E29streamReconstructedExpressionERSo
FNDA:0,_ZNK5Catch10BinaryExprIRKNSt7__cxx1112basic_stringIcSt11char_traitsIcESaIcEEERS6_E29streamReconstructedExpressionERSo
FN:76,_ZN5Catch10BinaryExprIRKNSt7__cxx1112basic_stringIcSt11char_traitsIcESaIcEEERS6_EC2EbS8_NS_9StringRefES9_
FNDA:36,_ZN5Catch10BinaryExprIRKNSt7__cxx1112basic_stringIcSt11char_traitsIcESaIcEEERS6_EC2EbS8_NS_9StringRefES9_
FN:158,_ZN5Catch12compareEqualINSt7__cxx1112basic_stringIcSt11char_traitsIcESaIcEEES6_EEbRKT_RKT0_
FNDA:36,_ZN5Catch12compareEqualINSt7__cxx1112basic_stringIcSt11char_traitsIcESaIcEEES6_EEbRKT_RKT0_
FN:184,_ZN5Catch7ExprLhsIRKNSt7__cxx1112basic_stringIcSt11char_traitsIcESaIcEEEEC2ES8_
FNDA:36,_ZN5Catch7ExprLhsIRKNSt7__cxx1112basic_stringIcSt11char_traitsIcESaIcEEEEC2ES8_
FN:187,_ZN5CatcheqIRNSt7__cxx1112basic_stringIcSt11char_traitsIcESaIcEEELi0EEENS_10BinaryExprIRKS6_RKT_EEONS_7ExprLhsISA_EEOSB_
FNDA:36,_ZN5CatcheqIRNSt7__cxx1112basic_stringIcSt11char_traitsIcESaIcEEELi0EEENS_10BinaryExprIRKS6_RKT_EEONS_7ExprLhsISA_EEOSB_
FN:245,_ZN5CatchleINSt7__cxx1112basic_stringIcSt11char_traitsIcESaIcEEELi0EEENS_7ExprLhsIRKT_EEONS_10DecomposerEOS8_
FNDA:36,_ZN5CatchleINSt7__cxx1112basic_stringIcSt11char_traitsIcESaIcEEELi0EEENS_7ExprLhsIRKT_EEONS_10DecomposerEOS8_
DA:41,41
DA:42,41
DA:43,41
DA:44,41
DA:70,0
DA:72,0
DA:73,0
DA:76,36
DA:80,36
DA:81,36
DA:158,36
DA:184,36
DA:187,36
DA:188,36
DA:245,36
DA:246,36
end_of_record
SF:/usr/include/c++/9/bits/stl_iterator_base_funcs.h
FN:98,_ZSt10__distanceIPKSt4pairIKNSt7__cxx1112basic_stringIcSt11char_traitsIcESaIcEEESt5arrayIiLm4EEEENSt15iterator_traitsIT_E15difference_typeESE_SE_St26random_access_iterator_tag
FNDA:2,_ZSt10__distanceIPKSt4pairIKNSt7__cxx1112basic_stringIcSt11char_traitsIcESaIcEEESt5arrayIiLm4EEEENSt15iterator_traitsIT_E15difference_typeESE_SE_St26random_access_iterator_tag
FN:98,_ZSt10__distanceIPKSt4pairIKNSt7__cxx1112basic_stringIcSt11char_traitsIcESaIcEEESt6vectorIN9assembler11OperandTypeESaISA_EEEENSt15iterator_traitsIT_E15difference_typeESH_SH_St26random_access_iterator_tag
FNDA:2,_ZSt10__distanceIPKSt4pairIKNSt7__cxx1112basic_stringIcSt11char_traitsIcESaIcEEESt6vectorIN9assembler11OperandTypeESaISA_EEEENSt15iterator_traitsIT_E15difference_typeESH_SH_St26random_access_iterator_tag
FN:98,_ZSt10__distanceIPKSt4pairIKNSt7__cxx1112basic_stringIcSt11char_traitsIcESaIcEEEiEENSt15iterator_traitsIT_E15difference_typeESC_SC_St26random_access_iterator_tag
FNDA:2,_ZSt10__distanceIPKSt4pairIKNSt7__cxx1112basic_stringIcSt11char_traitsIcESaIcEEEiEENSt15iterator_traitsIT_E15difference_typeESC_SC_St26random_access_iterator_tag
FN:98,_ZSt10__distanceIPcENSt15iterator_traitsIT_E15difference_typeES2_S2_St26random_access_iterator_tag
FNDA:0,_ZSt10__distanceIPcENSt15iterator_traitsIT_E15difference_typeES2_S2_St26random_access_iterator_tag
FN:98,_ZSt10__distanceIPKcENSt15iterator_traitsIT_E15difference_typeES3_S3_St26random_access_iterator_tag
FNDA:0,_ZSt10__distanceIPKcENSt15iterator_traitsIT_E15difference_typeES3_S3_St26random_access_iterator_tag
FN:98,_ZSt10__distanceIPK4TestENSt15iterator_traitsIT_E15difference_typeES4_S4_St26random_access_iterator_tag
FNDA:9,_ZSt10__distanceIPK4TestENSt15iterator_traitsIT_E15difference_typeES4_S4_St26random_access_iterator_tag
FN:98,_ZSt10__distanceIPKN9assembler11OperandTypeEENSt15iterator_traitsIT_E15difference_typeES5_S5_St26random_access_iterator_tag
FNDA:30,_ZSt10__distanceIPKN9assembler11OperandTypeEENSt15iterator_traitsIT_E15difference_typeES5_S5_St26random_access_iterator_tag
FN:138,_ZSt8distanceIPKSt4pairIKNSt7__cxx1112basic_stringIcSt11char_traitsIcESaIcEEESt5arrayIiLm4EEEENSt15iterator_traitsIT_E15difference_typeESE_SE_
FNDA:2,_ZSt8distanceIPKSt4pairIKNSt7__cxx1112basic_stringIcSt11char_traitsIcESaIcEEESt5arrayIiLm4EEEENSt15iterator_traitsIT_E15difference_typeESE_SE_
FN:138,_ZSt8distanceIPKSt4pairIKNSt7__cxx1112basic_stringIcSt11char_traitsIcESaIcEEESt6vectorIN9assembler11OperandTypeESaISA_EEEENSt15iterator_traitsIT_E15difference_typeESH_SH_
FNDA:2,_ZSt8distanceIPKSt4pairIKNSt7__cxx1112basic_stringIcSt11char_traitsIcESaIcEEESt6vectorIN9assembler11OperandTypeESaISA_EEEENSt15iterator_traitsIT_E15difference_typeESH_SH_
FN:138,_ZSt8distanceIPKSt4pairIKNSt7__cxx1112basic_stringIcSt11char_traitsIcESaIcEEEiEENSt15iterator_traitsIT_E15difference_typeESC_SC_
FNDA:2,_ZSt8distanceIPKSt4pairIKNSt7__cxx1112basic_stringIcSt11char_traitsIcESaIcEEEiEENSt15iterator_traitsIT_E15difference_typeESC_SC_
FN:138,_ZSt8distanceIPcENSt15iterator_traitsIT_E15difference_typeES2_S2_
FNDA:0,_ZSt8distanceIPcENSt15iterator_traitsIT_E15difference_typeES2_S2_
FN:138,_ZSt8distanceIPKcENSt15iterator_traitsIT_E15difference_typeES3_S3_
FNDA:0,_ZSt8distanceIPKcENSt15iterator_traitsIT_E15difference_typeES3_S3_
FN:138,_ZSt8distanceIPK4TestENSt15iterator_traitsIT_E15difference_typeES4_S4_
FNDA:9,_ZSt8distanceIPK4TestENSt15iterator_traitsIT_E15difference_typeES4_S4_
FN:138,_ZSt8distanceIPKN9assembler11OperandTypeEENSt15iterator_traitsIT_E15difference_typeES5_S5_
FNDA:30,_ZSt8distanceIPKN9assembler11OperandTypeEENSt15iterator_traitsIT_E15difference_typeES5_S5_
DA:98,2
DA:104,2
DA:98,2
DA:104,2
DA:98,2
DA:104,2
DA:98,0
DA:104,0
DA:98,0
DA:104,0
DA:98,9
DA:104,9
DA:98,30
DA:104,30
DA:138,2
DA:141,2
DA:142,4
DA:138,2
DA:141,2
DA:142,4
DA:138,2
DA:141,2
DA:142,4
DA:138,0
DA:141,0
DA:142,0
DA:138,0
DA:141,0
DA:142,0
DA:138,9
DA:141,9
DA:142,18
DA:138,30
DA:141,30
DA:142,60
end_of_record
SF:/usr/include/c++/9/bits/stl_pair.h
FN:303,_ZNSt4pairIKNSt7__cxx1112basic_stringIcSt11char_traitsIcESaIcEEESt5arrayIiLm4EEEC2ERKS9_
FNDA:38,_ZNSt4pairIKNSt7__cxx1112basic_stringIcSt11char_traitsIcESaIcEEESt5arrayIiLm4EEEC2ERKS9_
FN:303,_ZNSt4pairIKNSt7__cxx1112basic_stringIcSt11char_traitsIcESaIcEEESt6vectorIN9assembler11OperandTypeESaIS9_EEEC2ERKSC_
FNDA:38,_ZNSt4pairIKNSt7__cxx1112basic_stringIcSt11char_traitsIcESaIcEEESt6vectorIN9assembler11OperandTypeESaIS9_EEEC2ERKSC_
FN:303,_ZNSt4pairIKNSt7__cxx1112basic_stringIcSt11char_traitsIcESaIcEEEiEC2ERKS7_
FNDA:38,_ZNSt4pairIKNSt7__cxx1112basic_stringIcSt11char_traitsIcESaIcEEEiEC2ERKS7_
FN:311,_ZNSt4pairIKNSt7__cxx1112basic_stringIcSt11char_traitsIcESaIcEEESt6vectorIN9assembler11OperandTypeESaIS9_EEEC2IRA4_KcLb1EEEOT_RKSB_
FNDA:38,_ZNSt4pairIKNSt7__cxx1112basic_stringIcSt11char_traitsIcESaIcEEESt6vectorIN9assembler11OperandTypeESaIS9_EEEC2IRA4_KcLb1EEEOT_RKSB_
FN:311,_ZNSt4pairIKNSt7__cxx1112basic_stringIcSt11char_traitsIcESaIcEEESt5arrayIiLm4EEEC1IRA4_KcLb1EEEOT_RKS8_
FNDA:38,_ZNSt4pairIKNSt7__cxx1112basic_stringIcSt11char_traitsIcESaIcEEESt5arrayIiLm4EEEC1IRA4_KcLb1EEEOT_RKS8_
FN:341,_ZNSt4pairINSt8__detail14_Node_iteratorIS_IKNSt7__cxx1112basic_stringIcSt11char_traitsIcESaIcEEESt5arrayIiLm4EEELb0ELb1EEEbEC2ISC_bLb1EEEOT_OT0_
FNDA:38,_ZNSt4pairINSt8__detail14_Node_iteratorIS_IKNSt7__cxx1112basic_stringIcSt11char_traitsIcESaIcEEESt5arrayIiLm4EEELb0ELb1EEEbEC2ISC_bLb1EEEOT_OT0_
FN:341,_ZNSt4pairINSt8__detail14_Node_iteratorIS_IKNSt7__cxx1112basic_stringIcSt11char_traitsIcESaIcEEESt6vectorIN9assembler11OperandTypeESaISB_EEELb0ELb1EEEbEC2ISF_bLb1EEEOT_OT0_
FNDA:38,_ZNSt4pairINSt8__detail14_Node_iteratorIS_IKNSt7__cxx1112basic_stringIcSt11char_traitsIcESaIcEEESt6vectorIN9assembler11OperandTypeESaISB_EEELb0ELb1EEEbEC2ISF_bLb1EEEOT_OT0_
FN:341,_ZNSt4pairINSt8__detail14_Node_iteratorIS_IKNSt7__cxx1112basic_stringIcSt11char_traitsIcESaIcEEEiELb0ELb1EEEbEC2ISA_bLb1EEEOT_OT0_
FNDA:38,_ZNSt4pairINSt8__detail14_Node_iteratorIS_IKNSt7__cxx1112basic_stringIcSt11char_traitsIcESaIcEEEiELb0ELb1EEEbEC2ISA_bLb1EEEOT_OT0_
FN:341,_ZNSt4pairIKNSt7__cxx1112basic_stringIcSt11char_traitsIcESaIcEEEiEC1IRA4_KciLb1EEEOT_OT0_
FNDA:38,_ZNSt4pairIKNSt7__cxx1112basic_stringIcSt11char_traitsIcESaIcEEEiEC1IRA4_KciLb1EEEOT_OT0_
FN:524,_ZSt9make_pairINSt8__detail14_Node_iteratorISt4pairIKNSt7__cxx1112basic_stringIcSt11char_traitsIcESaIcEEESt5arrayIiLm4EEELb0ELb1EEEbES2_INSt17__decay_and_stripIT_E6__typeENSE_IT0_E6__typeEEOSF_OSI_
FNDA:0,_ZSt9make_pairINSt8__detail14_Node_iteratorISt4pairIKNSt7__cxx1112basic_stringIcSt11char_traitsIcESaIcEEESt5arrayIiLm4EEELb0ELb1EEEbES2_INSt17__decay_and_stripIT_E6__typeENSE_IT0_E6__typeEEOSF_OSI_
FN:524,_ZSt9make_pairINSt8__detail14_Node_iteratorISt4pairIKNSt7__cxx1112basic_stringIcSt11char_traitsIcESaIcEEESt6vectorIN9assembler11OperandTypeESaISC_EEELb0ELb1EEEbES2_INSt17__decay_and_stripIT_E6__typeENSH_IT0_E6__typeEEOSI_OSL_
FNDA:0,_ZSt9make_pairINSt8__detail14_Node_iteratorISt4pairIKNSt7__cxx1112basic_stringIcSt11char_traitsIcESaIcEEESt6vectorIN9assembler11OperandTypeESaISC_EEELb0ELb1EEEbES2_INSt17__decay_and_stripIT_E6__typeENSH_IT0_E6__typeEEOSI_OSL_
FN:524,_ZSt9make_pairINSt8__detail14_Node_iteratorISt4pairIKNSt7__cxx1112basic_stringIcSt11char_traitsIcESaIcEEEiELb0ELb1EEEbES2_INSt17__decay_and_stripIT_E6__typeENSC_IT0_E6__typeEEOSD_OSG_
FNDA:0,_ZSt9make_pairINSt8__detail14_Node_iteratorISt4pairIKNSt7__cxx1112basic_stringIcSt11char_traitsIcESaIcEEEiELb0ELb1EEEbES2_INSt17__decay_and_stripIT_E6__typeENSC_IT0_E6__typeEEOSD_OSG_
DA:303,38
DA:303,38
DA:303,38
DA:311,38
DA:312,38
DA:311,38
DA:312,38
DA:341,38
DA:342,38
DA:341,38
DA:342,38
DA:341,38
DA:342,38
DA:341,38
DA:342,38
DA:524,0
DA:529,0
DA:524,0
DA:529,0
DA:524,0
DA:529,0
end_of_record
